{"C:\\Users\\zephu\\Documents\\GitHub\\Orbital\\App.js": {"path":"C:\\Users\\zephu\\Documents\\GitHub\\Orbital\\App.js","statementMap":{"0":{"start":{"line":18,"column":0},"end":{"line":18,"column":36}},"1":{"start":{"line":19,"column":0},"end":{"line":19,"column":23}},"2":{"start":{"line":22,"column":37},"end":{"line":22,"column":67}},"3":{"start":{"line":24,"column":0},"end":{"line":30,"column":3}},"4":{"start":{"line":25,"column":34},"end":{"line":29,"column":2}},"5":{"start":{"line":32,"column":42},"end":{"line":72,"column":1}},"6":{"start":{"line":34,"column":1},"end":{"line":52,"column":2}},"7":{"start":{"line":37,"column":3},"end":{"line":37,"column":44}},"8":{"start":{"line":38,"column":20},"end":{"line":38,"column":34}},"9":{"start":{"line":39,"column":2},"end":{"line":43,"column":3}},"10":{"start":{"line":41,"column":22},"end":{"line":41,"column":67}},"11":{"start":{"line":42,"column":3},"end":{"line":42,"column":24}},"12":{"start":{"line":44,"column":2},"end":{"line":48,"column":3}},"13":{"start":{"line":46,"column":3},"end":{"line":46,"column":60}},"14":{"start":{"line":47,"column":3},"end":{"line":47,"column":10}},"15":{"start":{"line":49,"column":2},"end":{"line":49,"column":61}},"16":{"start":{"line":51,"column":2},"end":{"line":51,"column":59}},"17":{"start":{"line":54,"column":1},"end":{"line":60,"column":2}},"18":{"start":{"line":55,"column":14},"end":{"line":59,"column":3}},"19":{"start":{"line":62,"column":1},"end":{"line":69,"column":2}},"20":{"start":{"line":63,"column":2},"end":{"line":68,"column":5}},"21":{"start":{"line":71,"column":1},"end":{"line":71,"column":14}},"22":{"start":{"line":74,"column":0},"end":{"line":77,"column":2}},"23":{"start":{"line":76,"column":37},"end":{"line":76,"column":77}},"24":{"start":{"line":81,"column":30},"end":{"line":81,"column":38}},"25":{"start":{"line":82,"column":26},"end":{"line":82,"column":34}},"26":{"start":{"line":85,"column":31},"end":{"line":103,"column":2}},"27":{"start":{"line":86,"column":2},"end":{"line":102,"column":3}},"28":{"start":{"line":87,"column":3},"end":{"line":87,"column":35}},"29":{"start":{"line":88,"column":27},"end":{"line":94,"column":4}},"30":{"start":{"line":96,"column":3},"end":{"line":96,"column":32}},"31":{"start":{"line":97,"column":3},"end":{"line":97,"column":45}},"32":{"start":{"line":99,"column":3},"end":{"line":99,"column":36}},"33":{"start":{"line":101,"column":3},"end":{"line":101,"column":24}},"34":{"start":{"line":105,"column":1},"end":{"line":133,"column":8}},"35":{"start":{"line":106,"column":2},"end":{"line":106,"column":38}},"36":{"start":{"line":109,"column":2},"end":{"line":112,"column":6}},"37":{"start":{"line":111,"column":4},"end":{"line":111,"column":30}},"38":{"start":{"line":115,"column":2},"end":{"line":122,"column":5}},"39":{"start":{"line":118,"column":5},"end":{"line":120,"column":7}},"40":{"start":{"line":124,"column":2},"end":{"line":132,"column":4}},"41":{"start":{"line":125,"column":3},"end":{"line":127,"column":5}},"42":{"start":{"line":128,"column":3},"end":{"line":130,"column":5}},"43":{"start":{"line":131,"column":3},"end":{"line":131,"column":67}},"44":{"start":{"line":135,"column":1},"end":{"line":143,"column":3}}},"fnMap":{"0":{"name":"(anonymous_0)","decl":{"start":{"line":25,"column":21},"end":{"line":25,"column":22}},"loc":{"start":{"line":25,"column":34},"end":{"line":29,"column":2}},"line":25},"1":{"name":"(anonymous_1)","decl":{"start":{"line":32,"column":42},"end":{"line":32,"column":43}},"loc":{"start":{"line":32,"column":54},"end":{"line":72,"column":1}},"line":32},"2":{"name":"(anonymous_2)","decl":{"start":{"line":76,"column":1},"end":{"line":76,"column":2}},"loc":{"start":{"line":76,"column":37},"end":{"line":76,"column":77}},"line":76},"3":{"name":"App","decl":{"start":{"line":80,"column":24},"end":{"line":80,"column":27}},"loc":{"start":{"line":80,"column":30},"end":{"line":144,"column":1}},"line":80},"4":{"name":"(anonymous_4)","decl":{"start":{"line":85,"column":31},"end":{"line":85,"column":32}},"loc":{"start":{"line":85,"column":61},"end":{"line":103,"column":2}},"line":85},"5":{"name":"(anonymous_5)","decl":{"start":{"line":105,"column":11},"end":{"line":105,"column":12}},"loc":{"start":{"line":105,"column":17},"end":{"line":133,"column":2}},"line":105},"6":{"name":"(anonymous_6)","decl":{"start":{"line":110,"column":49},"end":{"line":110,"column":50}},"loc":{"start":{"line":110,"column":67},"end":{"line":112,"column":4}},"line":110},"7":{"name":"(anonymous_7)","decl":{"start":{"line":117,"column":4},"end":{"line":117,"column":5}},"loc":{"start":{"line":117,"column":22},"end":{"line":121,"column":5}},"line":117},"8":{"name":"(anonymous_8)","decl":{"start":{"line":124,"column":9},"end":{"line":124,"column":10}},"loc":{"start":{"line":124,"column":15},"end":{"line":132,"column":3}},"line":124}},"branchMap":{"0":{"loc":{"start":{"line":34,"column":1},"end":{"line":52,"column":2}},"type":"if","locations":[{"start":{"line":34,"column":1},"end":{"line":52,"column":2}},{"start":{"line":50,"column":8},"end":{"line":52,"column":2}}],"line":34},"1":{"loc":{"start":{"line":39,"column":2},"end":{"line":43,"column":3}},"type":"if","locations":[{"start":{"line":39,"column":2},"end":{"line":43,"column":3}},{"start":{},"end":{}}],"line":39},"2":{"loc":{"start":{"line":44,"column":2},"end":{"line":48,"column":3}},"type":"if","locations":[{"start":{"line":44,"column":2},"end":{"line":48,"column":3}},{"start":{},"end":{}}],"line":44},"3":{"loc":{"start":{"line":54,"column":1},"end":{"line":60,"column":2}},"type":"if","locations":[{"start":{"line":54,"column":1},"end":{"line":60,"column":2}},{"start":{},"end":{}}],"line":54},"4":{"loc":{"start":{"line":62,"column":1},"end":{"line":69,"column":2}},"type":"if","locations":[{"start":{"line":62,"column":1},"end":{"line":69,"column":2}},{"start":{},"end":{}}],"line":62}},"s":{"0":0,"1":0,"2":0,"3":0,"4":0,"5":0,"6":0,"7":0,"8":0,"9":0,"10":0,"11":0,"12":0,"13":0,"14":0,"15":0,"16":0,"17":0,"18":0,"19":0,"20":0,"21":0,"22":0,"23":0,"24":0,"25":0,"26":0,"27":0,"28":0,"29":0,"30":0,"31":0,"32":0,"33":0,"34":0,"35":0,"36":0,"37":0,"38":0,"39":0,"40":0,"41":0,"42":0,"43":0,"44":0},"f":{"0":0,"1":0,"2":0,"3":0,"4":0,"5":0,"6":0,"7":0,"8":0},"b":{"0":[0,0],"1":[0,0],"2":[0,0],"3":[0,0],"4":[0,0]}}
,"C:\\Users\\zephu\\Documents\\GitHub\\Orbital\\metro.config.js": {"path":"C:\\Users\\zephu\\Documents\\GitHub\\Orbital\\metro.config.js","statementMap":{"0":{"start":{"line":1,"column":29},"end":{"line":1,"column":58}},"1":{"start":{"line":3,"column":22},"end":{"line":3,"column":49}},"2":{"start":{"line":5,"column":0},"end":{"line":5,"column":45}},"3":{"start":{"line":7,"column":0},"end":{"line":7,"column":31}}},"fnMap":{},"branchMap":{},"s":{"0":0,"1":0,"2":0,"3":0},"f":{},"b":{}}
,"C:\\Users\\zephu\\Documents\\GitHub\\Orbital\\src\\components\\index.js": {"path":"C:\\Users\\zephu\\Documents\\GitHub\\Orbital\\src\\components\\index.js","statementMap":{},"fnMap":{},"branchMap":{},"s":{},"f":{},"b":{},"_coverageSchema":"1a1c01bbd47fc00a2c39e90264f33305004495a9","hash":"e91d5eae82e02b46fe137f36bc910e72c5898c72"}
,"C:\\Users\\zephu\\Documents\\GitHub\\Orbital\\src\\components\\Auth\\AuthButton.js": {"path":"C:\\Users\\zephu\\Documents\\GitHub\\Orbital\\src\\components\\Auth\\AuthButton.js","statementMap":{"0":{"start":{"line":4,"column":19},"end":{"line":17,"column":1}},"1":{"start":{"line":5,"column":43},"end":{"line":5,"column":48}},"2":{"start":{"line":7,"column":1},"end":{"line":16,"column":3}},"3":{"start":{"line":21,"column":15},"end":{"line":35,"column":2}}},"fnMap":{"0":{"name":"(anonymous_0)","decl":{"start":{"line":4,"column":19},"end":{"line":4,"column":20}},"loc":{"start":{"line":4,"column":30},"end":{"line":17,"column":1}},"line":4}},"branchMap":{},"s":{"0":10,"1":25,"2":25,"3":10},"f":{"0":25},"b":{},"_coverageSchema":"1a1c01bbd47fc00a2c39e90264f33305004495a9","hash":"18dcbde8aaedf4836515035bc3eff4fdf1eebac2"}
,"C:\\Users\\zephu\\Documents\\GitHub\\Orbital\\src\\components\\Auth\\AuthTextInput.js": {"path":"C:\\Users\\zephu\\Documents\\GitHub\\Orbital\\src\\components\\Auth\\AuthTextInput.js","statementMap":{"0":{"start":{"line":6,"column":22},"end":{"line":38,"column":1}},"1":{"start":{"line":16,"column":5},"end":{"line":16,"column":10}},"2":{"start":{"line":18,"column":23},"end":{"line":18,"column":47}},"3":{"start":{"line":20,"column":1},"end":{"line":37,"column":3}},"4":{"start":{"line":42,"column":15},"end":{"line":56,"column":2}},"5":{"start":{"line":58,"column":19},"end":{"line":64,"column":2}}},"fnMap":{"0":{"name":"(anonymous_0)","decl":{"start":{"line":6,"column":22},"end":{"line":6,"column":23}},"loc":{"start":{"line":6,"column":33},"end":{"line":38,"column":1}},"line":6}},"branchMap":{"0":{"loc":{"start":{"line":25,"column":11},"end":{"line":25,"column":62}},"type":"cond-expr","locations":[{"start":{"line":25,"column":23},"end":{"line":25,"column":43}},{"start":{"line":25,"column":46},"end":{"line":25,"column":62}}],"line":25},"1":{"loc":{"start":{"line":28,"column":21},"end":{"line":28,"column":59}},"type":"cond-expr","locations":[{"start":{"line":28,"column":47},"end":{"line":28,"column":51}},{"start":{"line":28,"column":54},"end":{"line":28,"column":59}}],"line":28},"2":{"loc":{"start":{"line":31,"column":26},"end":{"line":31,"column":51}},"type":"cond-expr","locations":[{"start":{"line":31,"column":38},"end":{"line":31,"column":44}},{"start":{"line":31,"column":47},"end":{"line":31,"column":51}}],"line":31}},"s":{"0":10,"1":48,"2":48,"3":48,"4":10,"5":10},"f":{"0":48},"b":{"0":[0,48],"1":[13,35],"2":[0,48]},"_coverageSchema":"1a1c01bbd47fc00a2c39e90264f33305004495a9","hash":"a9d47378e5be02d58e224ced30c4e1d86b5f595a"}
,"C:\\Users\\zephu\\Documents\\GitHub\\Orbital\\src\\components\\Contexts\\AuthManager.js": {"path":"C:\\Users\\zephu\\Documents\\GitHub\\Orbital\\src\\components\\Contexts\\AuthManager.js","statementMap":{"0":{"start":{"line":3,"column":27},"end":{"line":3,"column":42}},"1":{"start":{"line":5,"column":28},"end":{"line":13,"column":1}},"2":{"start":{"line":6,"column":29},"end":{"line":6,"column":44}},"3":{"start":{"line":8,"column":1},"end":{"line":12,"column":3}}},"fnMap":{"0":{"name":"(anonymous_0)","decl":{"start":{"line":5,"column":28},"end":{"line":5,"column":29}},"loc":{"start":{"line":5,"column":46},"end":{"line":13,"column":1}},"line":5}},"branchMap":{},"s":{"0":0,"1":0,"2":0,"3":0},"f":{"0":0},"b":{}}
,"C:\\Users\\zephu\\Documents\\GitHub\\Orbital\\src\\components\\Contexts\\ThemeManager.js": {"path":"C:\\Users\\zephu\\Documents\\GitHub\\Orbital\\src\\components\\Contexts\\ThemeManager.js","statementMap":{"0":{"start":{"line":4,"column":28},"end":{"line":4,"column":43}},"1":{"start":{"line":6,"column":29},"end":{"line":18,"column":1}},"2":{"start":{"line":7,"column":35},"end":{"line":7,"column":97}},"3":{"start":{"line":9,"column":21},"end":{"line":11,"column":2}},"4":{"start":{"line":10,"column":2},"end":{"line":10,"column":27}},"5":{"start":{"line":13,"column":1},"end":{"line":17,"column":3}}},"fnMap":{"0":{"name":"(anonymous_0)","decl":{"start":{"line":6,"column":29},"end":{"line":6,"column":30}},"loc":{"start":{"line":6,"column":47},"end":{"line":18,"column":1}},"line":6},"1":{"name":"(anonymous_1)","decl":{"start":{"line":9,"column":21},"end":{"line":9,"column":22}},"loc":{"start":{"line":9,"column":27},"end":{"line":11,"column":2}},"line":9}},"branchMap":{"0":{"loc":{"start":{"line":7,"column":44},"end":{"line":7,"column":96}},"type":"cond-expr","locations":[{"start":{"line":7,"column":84},"end":{"line":7,"column":88}},{"start":{"line":7,"column":91},"end":{"line":7,"column":96}}],"line":7}},"s":{"0":10,"1":10,"2":0,"3":0,"4":0,"5":0},"f":{"0":0,"1":0},"b":{"0":[0,0]},"_coverageSchema":"1a1c01bbd47fc00a2c39e90264f33305004495a9","hash":"a74443ef25d03bac165b8f4954c7833f03577658"}
,"C:\\Users\\zephu\\Documents\\GitHub\\Orbital\\src\\components\\Navigation\\TabButton.js": {"path":"C:\\Users\\zephu\\Documents\\GitHub\\Orbital\\src\\components\\Navigation\\TabButton.js","statementMap":{"0":{"start":{"line":6,"column":18},"end":{"line":54,"column":1}},"1":{"start":{"line":7,"column":47},"end":{"line":7,"column":52}},"2":{"start":{"line":8,"column":17},"end":{"line":8,"column":44}},"3":{"start":{"line":9,"column":17},"end":{"line":9,"column":29}},"4":{"start":{"line":10,"column":19},"end":{"line":10,"column":31}},"5":{"start":{"line":11,"column":17},"end":{"line":11,"column":29}},"6":{"start":{"line":13,"column":1},"end":{"line":23,"column":15}},"7":{"start":{"line":14,"column":2},"end":{"line":22,"column":3}},"8":{"start":{"line":15,"column":3},"end":{"line":15,"column":50}},"9":{"start":{"line":16,"column":3},"end":{"line":16,"column":51}},"10":{"start":{"line":17,"column":3},"end":{"line":17,"column":46}},"11":{"start":{"line":19,"column":3},"end":{"line":19,"column":52}},"12":{"start":{"line":20,"column":3},"end":{"line":20,"column":53}},"13":{"start":{"line":21,"column":3},"end":{"line":21,"column":46}},"14":{"start":{"line":25,"column":1},"end":{"line":53,"column":3}},"15":{"start":{"line":58,"column":15},"end":{"line":114,"column":2}}},"fnMap":{"0":{"name":"(anonymous_0)","decl":{"start":{"line":6,"column":18},"end":{"line":6,"column":19}},"loc":{"start":{"line":6,"column":29},"end":{"line":54,"column":1}},"line":6},"1":{"name":"(anonymous_1)","decl":{"start":{"line":13,"column":11},"end":{"line":13,"column":12}},"loc":{"start":{"line":13,"column":17},"end":{"line":23,"column":2}},"line":13}},"branchMap":{"0":{"loc":{"start":{"line":14,"column":2},"end":{"line":22,"column":3}},"type":"if","locations":[{"start":{"line":14,"column":2},"end":{"line":22,"column":3}},{"start":{"line":18,"column":9},"end":{"line":22,"column":3}}],"line":14},"1":{"loc":{"start":{"line":44,"column":13},"end":{"line":44,"column":41}},"type":"cond-expr","locations":[{"start":{"line":44,"column":23},"end":{"line":44,"column":29}},{"start":{"line":44,"column":32},"end":{"line":44,"column":41}}],"line":44}},"s":{"0":9,"1":0,"2":0,"3":0,"4":0,"5":0,"6":0,"7":0,"8":0,"9":0,"10":0,"11":0,"12":0,"13":0,"14":0,"15":9},"f":{"0":0,"1":0},"b":{"0":[0,0],"1":[0,0]},"_coverageSchema":"1a1c01bbd47fc00a2c39e90264f33305004495a9","hash":"446b879e21baa801157ffd8516042bbb280e099d"}
,"C:\\Users\\zephu\\Documents\\GitHub\\Orbital\\src\\components\\Searchbar\\SearchBar.js": {"path":"C:\\Users\\zephu\\Documents\\GitHub\\Orbital\\src\\components\\Searchbar\\SearchBar.js","statementMap":{"0":{"start":{"line":5,"column":18},"end":{"line":61,"column":1}},"1":{"start":{"line":6,"column":1},"end":{"line":60,"column":3}},"2":{"start":{"line":29,"column":6},"end":{"line":29,"column":23}},"3":{"start":{"line":41,"column":7},"end":{"line":41,"column":27}},"4":{"start":{"line":52,"column":7},"end":{"line":52,"column":26}},"5":{"start":{"line":53,"column":7},"end":{"line":53,"column":25}},"6":{"start":{"line":66,"column":15},"end":{"line":97,"column":2}}},"fnMap":{"0":{"name":"(anonymous_0)","decl":{"start":{"line":5,"column":18},"end":{"line":5,"column":19}},"loc":{"start":{"line":5,"column":78},"end":{"line":61,"column":1}},"line":5},"1":{"name":"(anonymous_1)","decl":{"start":{"line":28,"column":14},"end":{"line":28,"column":15}},"loc":{"start":{"line":28,"column":20},"end":{"line":30,"column":6}},"line":28},"2":{"name":"(anonymous_2)","decl":{"start":{"line":40,"column":15},"end":{"line":40,"column":16}},"loc":{"start":{"line":40,"column":21},"end":{"line":42,"column":7}},"line":40},"3":{"name":"(anonymous_3)","decl":{"start":{"line":51,"column":15},"end":{"line":51,"column":16}},"loc":{"start":{"line":51,"column":21},"end":{"line":54,"column":7}},"line":51}},"branchMap":{"0":{"loc":{"start":{"line":10,"column":5},"end":{"line":12,"column":35}},"type":"cond-expr","locations":[{"start":{"line":11,"column":8},"end":{"line":11,"column":33}},{"start":{"line":12,"column":8},"end":{"line":12,"column":35}}],"line":10},"1":{"loc":{"start":{"line":34,"column":5},"end":{"line":44,"column":5}},"type":"binary-expr","locations":[{"start":{"line":34,"column":5},"end":{"line":34,"column":12}},{"start":{"line":35,"column":5},"end":{"line":43,"column":7}}],"line":34},"2":{"loc":{"start":{"line":47,"column":4},"end":{"line":58,"column":4}},"type":"binary-expr","locations":[{"start":{"line":47,"column":4},"end":{"line":47,"column":11}},{"start":{"line":48,"column":4},"end":{"line":57,"column":11}}],"line":47}},"s":{"0":10,"1":9,"2":0,"3":0,"4":0,"5":0,"6":10},"f":{"0":9,"1":0,"2":0,"3":0},"b":{"0":[1,8],"1":[9,1],"2":[9,1]},"_coverageSchema":"1a1c01bbd47fc00a2c39e90264f33305004495a9","hash":"747b13d13e10157eb2bd12920f9e1e8822920c6c"}
,"C:\\Users\\zephu\\Documents\\GitHub\\Orbital\\src\\components\\ToggleButton\\ToggleButton.js": {"path":"C:\\Users\\zephu\\Documents\\GitHub\\Orbital\\src\\components\\ToggleButton\\ToggleButton.js","statementMap":{"0":{"start":{"line":6,"column":21},"end":{"line":20,"column":1}},"1":{"start":{"line":7,"column":34},"end":{"line":7,"column":39}},"2":{"start":{"line":8,"column":23},"end":{"line":8,"column":47}},"3":{"start":{"line":10,"column":1},"end":{"line":19,"column":3}},"4":{"start":{"line":24,"column":15},"end":{"line":38,"column":2}},"5":{"start":{"line":40,"column":19},"end":{"line":47,"column":2}}},"fnMap":{"0":{"name":"(anonymous_0)","decl":{"start":{"line":6,"column":21},"end":{"line":6,"column":22}},"loc":{"start":{"line":6,"column":32},"end":{"line":20,"column":1}},"line":6}},"branchMap":{"0":{"loc":{"start":{"line":13,"column":17},"end":{"line":13,"column":58}},"type":"cond-expr","locations":[{"start":{"line":13,"column":29},"end":{"line":13,"column":44}},{"start":{"line":13,"column":47},"end":{"line":13,"column":58}}],"line":13}},"s":{"0":9,"1":0,"2":0,"3":0,"4":9,"5":9},"f":{"0":0},"b":{"0":[0,0]},"_coverageSchema":"1a1c01bbd47fc00a2c39e90264f33305004495a9","hash":"93e67c13437d0d4b95f1f0411c66d9bf3312f7eb"}
,"C:\\Users\\zephu\\Documents\\GitHub\\Orbital\\src\\components\\Tracker\\ItemButton.js": {"path":"C:\\Users\\zephu\\Documents\\GitHub\\Orbital\\src\\components\\Tracker\\ItemButton.js","statementMap":{"0":{"start":{"line":6,"column":19},"end":{"line":22,"column":1}},"1":{"start":{"line":7,"column":18},"end":{"line":7,"column":23}},"2":{"start":{"line":8,"column":20},"end":{"line":8,"column":35}},"3":{"start":{"line":10,"column":1},"end":{"line":21,"column":3}},"4":{"start":{"line":13,"column":4},"end":{"line":15,"column":6}}},"fnMap":{"0":{"name":"(anonymous_0)","decl":{"start":{"line":6,"column":19},"end":{"line":6,"column":20}},"loc":{"start":{"line":6,"column":30},"end":{"line":22,"column":1}},"line":6},"1":{"name":"(anonymous_1)","decl":{"start":{"line":12,"column":12},"end":{"line":12,"column":13}},"loc":{"start":{"line":13,"column":4},"end":{"line":15,"column":6}},"line":13}},"branchMap":{},"s":{"0":9,"1":5,"2":5,"3":5,"4":1},"f":{"0":5,"1":1},"b":{},"_coverageSchema":"1a1c01bbd47fc00a2c39e90264f33305004495a9","hash":"d62ea05592621e96067751a5e7516bfec9b4abfc"}
,"C:\\Users\\zephu\\Documents\\GitHub\\Orbital\\src\\components\\Tracker\\ItemImage.js": {"path":"C:\\Users\\zephu\\Documents\\GitHub\\Orbital\\src\\components\\Tracker\\ItemImage.js","statementMap":{"0":{"start":{"line":5,"column":18},"end":{"line":27,"column":1}},"1":{"start":{"line":6,"column":18},"end":{"line":6,"column":23}},"2":{"start":{"line":7,"column":23},"end":{"line":7,"column":47}},"3":{"start":{"line":9,"column":1},"end":{"line":26,"column":3}},"4":{"start":{"line":31,"column":15},"end":{"line":56,"column":2}},"5":{"start":{"line":58,"column":19},"end":{"line":74,"column":2}}},"fnMap":{"0":{"name":"(anonymous_0)","decl":{"start":{"line":5,"column":18},"end":{"line":5,"column":19}},"loc":{"start":{"line":5,"column":29},"end":{"line":27,"column":1}},"line":5}},"branchMap":{"0":{"loc":{"start":{"line":10,"column":15},"end":{"line":10,"column":66}},"type":"cond-expr","locations":[{"start":{"line":10,"column":27},"end":{"line":10,"column":47}},{"start":{"line":10,"column":50},"end":{"line":10,"column":66}}],"line":10},"1":{"loc":{"start":{"line":15,"column":17},"end":{"line":15,"column":58}},"type":"cond-expr","locations":[{"start":{"line":15,"column":29},"end":{"line":15,"column":44}},{"start":{"line":15,"column":47},"end":{"line":15,"column":58}}],"line":15},"2":{"loc":{"start":{"line":18,"column":17},"end":{"line":18,"column":58}},"type":"cond-expr","locations":[{"start":{"line":18,"column":29},"end":{"line":18,"column":44}},{"start":{"line":18,"column":47},"end":{"line":18,"column":58}}],"line":18},"3":{"loc":{"start":{"line":21,"column":17},"end":{"line":21,"column":58}},"type":"cond-expr","locations":[{"start":{"line":21,"column":29},"end":{"line":21,"column":44}},{"start":{"line":21,"column":47},"end":{"line":21,"column":58}}],"line":21}},"s":{"0":9,"1":8,"2":8,"3":8,"4":9,"5":9},"f":{"0":8},"b":{"0":[0,8],"1":[0,8],"2":[0,8],"3":[0,8]},"_coverageSchema":"1a1c01bbd47fc00a2c39e90264f33305004495a9","hash":"7fee23049b12f634dda0b6605f5406f9bff1fbc9"}
,"C:\\Users\\zephu\\Documents\\GitHub\\Orbital\\src\\components\\Tracker\\VoucherBlock.js": {"path":"C:\\Users\\zephu\\Documents\\GitHub\\Orbital\\src\\components\\Tracker\\VoucherBlock.js","statementMap":{"0":{"start":{"line":5,"column":21},"end":{"line":47,"column":1}},"1":{"start":{"line":6,"column":18},"end":{"line":6,"column":23}},"2":{"start":{"line":7,"column":23},"end":{"line":7,"column":47}},"3":{"start":{"line":9,"column":14},"end":{"line":9,"column":29}},"4":{"start":{"line":11,"column":19},"end":{"line":16,"column":42}},"5":{"start":{"line":18,"column":1},"end":{"line":46,"column":3}},"6":{"start":{"line":51,"column":15},"end":{"line":104,"column":2}},"7":{"start":{"line":106,"column":19},"end":{"line":113,"column":2}}},"fnMap":{"0":{"name":"(anonymous_0)","decl":{"start":{"line":5,"column":21},"end":{"line":5,"column":22}},"loc":{"start":{"line":5,"column":32},"end":{"line":47,"column":1}},"line":5}},"branchMap":{"0":{"loc":{"start":{"line":11,"column":19},"end":{"line":16,"column":42}},"type":"cond-expr","locations":[{"start":{"line":11,"column":46},"end":{"line":11,"column":81}},{"start":{"line":12,"column":7},"end":{"line":16,"column":42}}],"line":11},"1":{"loc":{"start":{"line":12,"column":7},"end":{"line":16,"column":42}},"type":"cond-expr","locations":[{"start":{"line":12,"column":33},"end":{"line":12,"column":67}},{"start":{"line":13,"column":7},"end":{"line":16,"column":42}}],"line":12},"2":{"loc":{"start":{"line":13,"column":7},"end":{"line":16,"column":42}},"type":"cond-expr","locations":[{"start":{"line":13,"column":33},"end":{"line":13,"column":67}},{"start":{"line":14,"column":7},"end":{"line":16,"column":42}}],"line":13},"3":{"loc":{"start":{"line":14,"column":7},"end":{"line":16,"column":42}},"type":"cond-expr","locations":[{"start":{"line":14,"column":34},"end":{"line":14,"column":69}},{"start":{"line":15,"column":7},"end":{"line":16,"column":42}}],"line":14},"4":{"loc":{"start":{"line":15,"column":7},"end":{"line":16,"column":42}},"type":"cond-expr","locations":[{"start":{"line":15,"column":34},"end":{"line":15,"column":69}},{"start":{"line":16,"column":7},"end":{"line":16,"column":42}}],"line":15},"5":{"loc":{"start":{"line":19,"column":15},"end":{"line":19,"column":66}},"type":"cond-expr","locations":[{"start":{"line":19,"column":27},"end":{"line":19,"column":47}},{"start":{"line":19,"column":50},"end":{"line":19,"column":66}}],"line":19},"6":{"loc":{"start":{"line":22,"column":6},"end":{"line":26,"column":13}},"type":"cond-expr","locations":[{"start":{"line":23,"column":8},"end":{"line":23,"column":113}},{"start":{"line":24,"column":8},"end":{"line":26,"column":13}}],"line":22}},"s":{"0":9,"1":4,"2":4,"3":4,"4":4,"5":4,"6":9,"7":9},"f":{"0":4},"b":{"0":[0,4],"1":[0,4],"2":[0,4],"3":[0,4],"4":[0,4],"5":[0,4],"6":[0,4]},"_coverageSchema":"1a1c01bbd47fc00a2c39e90264f33305004495a9","hash":"03635e0632ebd666b0a31eecbf22b0340276b274"}
,"C:\\Users\\zephu\\Documents\\GitHub\\Orbital\\src\\firebase\\index.js": {"path":"C:\\Users\\zephu\\Documents\\GitHub\\Orbital\\src\\firebase\\index.js","statementMap":{"0":{"start":{"line":10,"column":23},"end":{"line":18,"column":1}},"1":{"start":{"line":23,"column":12},"end":{"line":23,"column":41}},"2":{"start":{"line":25,"column":13},"end":{"line":25,"column":22}},"3":{"start":{"line":26,"column":11},"end":{"line":26,"column":28}}},"fnMap":{},"branchMap":{},"s":{"0":8,"1":8,"2":8,"3":8},"f":{},"b":{},"_coverageSchema":"1a1c01bbd47fc00a2c39e90264f33305004495a9","hash":"583f578772202ee765fdb3fe5461e4f652fd160f"}
,"C:\\Users\\zephu\\Documents\\GitHub\\Orbital\\src\\navigation\\AddNavigator.js": {"path":"C:\\Users\\zephu\\Documents\\GitHub\\Orbital\\src\\navigation\\AddNavigator.js","statementMap":{"0":{"start":{"line":8,"column":17},"end":{"line":8,"column":45}},"1":{"start":{"line":10,"column":21},"end":{"line":14,"column":1}},"2":{"start":{"line":11,"column":4},"end":{"line":13,"column":25}}},"fnMap":{"0":{"name":"(anonymous_0)","decl":{"start":{"line":10,"column":21},"end":{"line":10,"column":22}},"loc":{"start":{"line":11,"column":4},"end":{"line":13,"column":25}},"line":11}},"branchMap":{},"s":{"0":0,"1":0,"2":0},"f":{"0":0},"b":{}}
,"C:\\Users\\zephu\\Documents\\GitHub\\Orbital\\src\\navigation\\CouponNavigator.js": {"path":"C:\\Users\\zephu\\Documents\\GitHub\\Orbital\\src\\navigation\\CouponNavigator.js","statementMap":{"0":{"start":{"line":7,"column":20},"end":{"line":7,"column":48}},"1":{"start":{"line":9,"column":24},"end":{"line":13,"column":1}},"2":{"start":{"line":10,"column":4},"end":{"line":12,"column":28}}},"fnMap":{"0":{"name":"(anonymous_0)","decl":{"start":{"line":9,"column":24},"end":{"line":9,"column":25}},"loc":{"start":{"line":10,"column":4},"end":{"line":12,"column":28}},"line":10}},"branchMap":{},"s":{"0":0,"1":0,"2":0},"f":{"0":0},"b":{}}
,"C:\\Users\\zephu\\Documents\\GitHub\\Orbital\\src\\navigation\\DrawerNavigation.js": {"path":"C:\\Users\\zephu\\Documents\\GitHub\\Orbital\\src\\navigation\\DrawerNavigation.js","statementMap":{"0":{"start":{"line":11,"column":20},"end":{"line":11,"column":43}},"1":{"start":{"line":13,"column":24},"end":{"line":43,"column":1}},"2":{"start":{"line":14,"column":26},"end":{"line":14,"column":49}},"3":{"start":{"line":15,"column":39},"end":{"line":15,"column":63}},"4":{"start":{"line":17,"column":26},"end":{"line":22,"column":5}},"5":{"start":{"line":18,"column":8},"end":{"line":21,"column":11}},"6":{"start":{"line":19,"column":12},"end":{"line":19,"column":29}},"7":{"start":{"line":20,"column":12},"end":{"line":20,"column":49}},"8":{"start":{"line":24,"column":32},"end":{"line":36,"column":5}},"9":{"start":{"line":25,"column":8},"end":{"line":35,"column":10}},"10":{"start":{"line":33,"column":54},"end":{"line":33,"column":69}},"11":{"start":{"line":38,"column":4},"end":{"line":42,"column":6}},"12":{"start":{"line":39,"column":115},"end":{"line":39,"column":148}}},"fnMap":{"0":{"name":"(anonymous_0)","decl":{"start":{"line":13,"column":24},"end":{"line":13,"column":25}},"loc":{"start":{"line":13,"column":30},"end":{"line":43,"column":1}},"line":13},"1":{"name":"(anonymous_1)","decl":{"start":{"line":17,"column":26},"end":{"line":17,"column":27}},"loc":{"start":{"line":17,"column":32},"end":{"line":22,"column":5}},"line":17},"2":{"name":"(anonymous_2)","decl":{"start":{"line":18,"column":27},"end":{"line":18,"column":28}},"loc":{"start":{"line":18,"column":33},"end":{"line":21,"column":9}},"line":18},"3":{"name":"(anonymous_3)","decl":{"start":{"line":24,"column":32},"end":{"line":24,"column":33}},"loc":{"start":{"line":24,"column":43},"end":{"line":36,"column":5}},"line":24},"4":{"name":"(anonymous_4)","decl":{"start":{"line":33,"column":48},"end":{"line":33,"column":49}},"loc":{"start":{"line":33,"column":54},"end":{"line":33,"column":69}},"line":33},"5":{"name":"(anonymous_5)","decl":{"start":{"line":39,"column":106},"end":{"line":39,"column":107}},"loc":{"start":{"line":39,"column":115},"end":{"line":39,"column":148}},"line":39}},"branchMap":{},"s":{"0":0,"1":0,"2":0,"3":0,"4":0,"5":0,"6":0,"7":0,"8":0,"9":0,"10":0,"11":0,"12":0},"f":{"0":0,"1":0,"2":0,"3":0,"4":0,"5":0},"b":{}}
,"C:\\Users\\zephu\\Documents\\GitHub\\Orbital\\src\\navigation\\LoginNavigator.js": {"path":"C:\\Users\\zephu\\Documents\\GitHub\\Orbital\\src\\navigation\\LoginNavigator.js","statementMap":{"0":{"start":{"line":9,"column":19},"end":{"line":9,"column":47}},"1":{"start":{"line":11,"column":23},"end":{"line":29,"column":1}},"2":{"start":{"line":12,"column":4},"end":{"line":28,"column":27}}},"fnMap":{"0":{"name":"(anonymous_0)","decl":{"start":{"line":11,"column":23},"end":{"line":11,"column":24}},"loc":{"start":{"line":12,"column":4},"end":{"line":28,"column":27}},"line":12}},"branchMap":{},"s":{"0":0,"1":0,"2":0},"f":{"0":0},"b":{}}
,"C:\\Users\\zephu\\Documents\\GitHub\\Orbital\\src\\navigation\\MainNavigation.js": {"path":"C:\\Users\\zephu\\Documents\\GitHub\\Orbital\\src\\navigation\\MainNavigation.js","statementMap":{"0":{"start":{"line":16,"column":23},"end":{"line":75,"column":1}},"1":{"start":{"line":20,"column":31},"end":{"line":20,"column":54}},"2":{"start":{"line":21,"column":36},"end":{"line":21,"column":60}},"3":{"start":{"line":23,"column":28},"end":{"line":30,"column":2}},"4":{"start":{"line":24,"column":2},"end":{"line":29,"column":5}},"5":{"start":{"line":34,"column":1},"end":{"line":53,"column":8}},"6":{"start":{"line":36,"column":38},"end":{"line":50,"column":3}},"7":{"start":{"line":39,"column":4},"end":{"line":48,"column":5}},"8":{"start":{"line":40,"column":5},"end":{"line":45,"column":6}},"9":{"start":{"line":41,"column":6},"end":{"line":41,"column":23}},"10":{"start":{"line":42,"column":6},"end":{"line":42,"column":27}},"11":{"start":{"line":44,"column":6},"end":{"line":44,"column":22}},"12":{"start":{"line":47,"column":5},"end":{"line":47,"column":21}},"13":{"start":{"line":52,"column":2},"end":{"line":52,"column":37}},"14":{"start":{"line":56,"column":17},"end":{"line":63,"column":2}},"15":{"start":{"line":57,"column":2},"end":{"line":62,"column":5}},"16":{"start":{"line":67,"column":1},"end":{"line":74,"column":3}}},"fnMap":{"0":{"name":"(anonymous_0)","decl":{"start":{"line":16,"column":23},"end":{"line":16,"column":24}},"loc":{"start":{"line":16,"column":29},"end":{"line":75,"column":1}},"line":16},"1":{"name":"(anonymous_1)","decl":{"start":{"line":23,"column":28},"end":{"line":23,"column":29}},"loc":{"start":{"line":23,"column":34},"end":{"line":30,"column":2}},"line":23},"2":{"name":"(anonymous_2)","decl":{"start":{"line":34,"column":11},"end":{"line":34,"column":12}},"loc":{"start":{"line":34,"column":17},"end":{"line":53,"column":2}},"line":34},"3":{"name":"(anonymous_3)","decl":{"start":{"line":38,"column":3},"end":{"line":38,"column":4}},"loc":{"start":{"line":38,"column":26},"end":{"line":49,"column":4}},"line":38},"4":{"name":"(anonymous_4)","decl":{"start":{"line":56,"column":17},"end":{"line":56,"column":18}},"loc":{"start":{"line":56,"column":27},"end":{"line":63,"column":2}},"line":56}},"branchMap":{"0":{"loc":{"start":{"line":39,"column":4},"end":{"line":48,"column":5}},"type":"if","locations":[{"start":{"line":39,"column":4},"end":{"line":48,"column":5}},{"start":{"line":46,"column":11},"end":{"line":48,"column":5}}],"line":39},"1":{"loc":{"start":{"line":40,"column":5},"end":{"line":45,"column":6}},"type":"if","locations":[{"start":{"line":40,"column":5},"end":{"line":45,"column":6}},{"start":{"line":43,"column":12},"end":{"line":45,"column":6}}],"line":40},"2":{"loc":{"start":{"line":70,"column":10},"end":{"line":70,"column":46}},"type":"cond-expr","locations":[{"start":{"line":70,"column":22},"end":{"line":70,"column":31}},{"start":{"line":70,"column":34},"end":{"line":70,"column":46}}],"line":70},"3":{"loc":{"start":{"line":72,"column":4},"end":{"line":72,"column":53}},"type":"cond-expr","locations":[{"start":{"line":72,"column":13},"end":{"line":72,"column":32}},{"start":{"line":72,"column":35},"end":{"line":72,"column":53}}],"line":72}},"s":{"0":0,"1":0,"2":0,"3":0,"4":0,"5":0,"6":0,"7":0,"8":0,"9":0,"10":0,"11":0,"12":0,"13":0,"14":0,"15":0,"16":0},"f":{"0":0,"1":0,"2":0,"3":0,"4":0},"b":{"0":[0,0],"1":[0,0],"2":[0,0],"3":[0,0]}}
,"C:\\Users\\zephu\\Documents\\GitHub\\Orbital\\src\\navigation\\RootNavigation.js": {"path":"C:\\Users\\zephu\\Documents\\GitHub\\Orbital\\src\\navigation\\RootNavigation.js","statementMap":{"0":{"start":{"line":3,"column":29},"end":{"line":3,"column":59}},"1":{"start":{"line":6,"column":1},"end":{"line":8,"column":2}},"2":{"start":{"line":7,"column":2},"end":{"line":7,"column":39}}},"fnMap":{"0":{"name":"navigate","decl":{"start":{"line":5,"column":16},"end":{"line":5,"column":24}},"loc":{"start":{"line":5,"column":39},"end":{"line":9,"column":1}},"line":5}},"branchMap":{"0":{"loc":{"start":{"line":6,"column":1},"end":{"line":8,"column":2}},"type":"if","locations":[{"start":{"line":6,"column":1},"end":{"line":8,"column":2}},{"start":{},"end":{}}],"line":6}},"s":{"0":0,"1":0,"2":0},"f":{"0":0},"b":{"0":[0,0]}}
,"C:\\Users\\zephu\\Documents\\GitHub\\Orbital\\src\\navigation\\TabNavigator.js": {"path":"C:\\Users\\zephu\\Documents\\GitHub\\Orbital\\src\\navigation\\TabNavigator.js","statementMap":{"0":{"start":{"line":9,"column":12},"end":{"line":9,"column":38}},"1":{"start":{"line":10,"column":18},"end":{"line":10,"column":25}},"2":{"start":{"line":11,"column":20},"end":{"line":11,"column":29}},"3":{"start":{"line":13,"column":24},"end":{"line":19,"column":1}},"4":{"start":{"line":14,"column":4},"end":{"line":18,"column":6}},"5":{"start":{"line":21,"column":21},"end":{"line":66,"column":1}},"6":{"start":{"line":22,"column":4},"end":{"line":65,"column":20}},"7":{"start":{"line":23,"column":39},"end":{"line":44,"column":9}},"8":{"start":{"line":26,"column":33},"end":{"line":26,"column":43}},"9":{"start":{"line":28,"column":16},"end":{"line":38,"column":17}},"10":{"start":{"line":29,"column":20},"end":{"line":32,"column":22}},"11":{"start":{"line":33,"column":23},"end":{"line":38,"column":17}},"12":{"start":{"line":34,"column":20},"end":{"line":37,"column":22}},"13":{"start":{"line":39,"column":16},"end":{"line":39,"column":60}},"14":{"start":{"line":52,"column":20},"end":{"line":56,"column":22}},"15":{"start":{"line":59,"column":20},"end":{"line":59,"column":58}},"16":{"start":{"line":70,"column":15},"end":{"line":104,"column":2}}},"fnMap":{"0":{"name":"(anonymous_0)","decl":{"start":{"line":13,"column":24},"end":{"line":13,"column":25}},"loc":{"start":{"line":13,"column":51},"end":{"line":19,"column":1}},"line":13},"1":{"name":"(anonymous_1)","decl":{"start":{"line":21,"column":21},"end":{"line":21,"column":22}},"loc":{"start":{"line":22,"column":4},"end":{"line":65,"column":20}},"line":22},"2":{"name":"(anonymous_2)","decl":{"start":{"line":23,"column":23},"end":{"line":23,"column":24}},"loc":{"start":{"line":23,"column":39},"end":{"line":44,"column":9}},"line":23},"3":{"name":"(anonymous_3)","decl":{"start":{"line":24,"column":26},"end":{"line":24,"column":27}},"loc":{"start":{"line":24,"column":37},"end":{"line":40,"column":13}},"line":24},"4":{"name":"(anonymous_4)","decl":{"start":{"line":51,"column":28},"end":{"line":51,"column":29}},"loc":{"start":{"line":51,"column":45},"end":{"line":57,"column":17}},"line":51},"5":{"name":"(anonymous_5)","decl":{"start":{"line":58,"column":30},"end":{"line":58,"column":31}},"loc":{"start":{"line":58,"column":41},"end":{"line":60,"column":17}},"line":58}},"branchMap":{"0":{"loc":{"start":{"line":28,"column":16},"end":{"line":38,"column":17}},"type":"if","locations":[{"start":{"line":28,"column":16},"end":{"line":38,"column":17}},{"start":{"line":33,"column":23},"end":{"line":38,"column":17}}],"line":28},"1":{"loc":{"start":{"line":33,"column":23},"end":{"line":38,"column":17}},"type":"if","locations":[{"start":{"line":33,"column":23},"end":{"line":38,"column":17}},{"start":{},"end":{}}],"line":33}},"s":{"0":0,"1":0,"2":0,"3":0,"4":0,"5":0,"6":0,"7":0,"8":0,"9":0,"10":0,"11":0,"12":0,"13":0,"14":0,"15":0,"16":0},"f":{"0":0,"1":0,"2":0,"3":0,"4":0,"5":0},"b":{"0":[0,0],"1":[0,0]}}
,"C:\\Users\\zephu\\Documents\\GitHub\\Orbital\\src\\navigation\\TrackNavigator.js": {"path":"C:\\Users\\zephu\\Documents\\GitHub\\Orbital\\src\\navigation\\TrackNavigator.js","statementMap":{"0":{"start":{"line":15,"column":19},"end":{"line":15,"column":47}},"1":{"start":{"line":17,"column":23},"end":{"line":47,"column":1}},"2":{"start":{"line":18,"column":28},"end":{"line":18,"column":57}},"3":{"start":{"line":19,"column":4},"end":{"line":27,"column":28}},"4":{"start":{"line":20,"column":8},"end":{"line":26,"column":9}},"5":{"start":{"line":21,"column":12},"end":{"line":21,"column":72}},"6":{"start":{"line":23,"column":12},"end":{"line":25,"column":15}},"7":{"start":{"line":29,"column":4},"end":{"line":46,"column":6}},"8":{"start":{"line":51,"column":15},"end":{"line":68,"column":2}}},"fnMap":{"0":{"name":"(anonymous_0)","decl":{"start":{"line":17,"column":23},"end":{"line":17,"column":24}},"loc":{"start":{"line":17,"column":50},"end":{"line":47,"column":1}},"line":17},"1":{"name":"(anonymous_1)","decl":{"start":{"line":19,"column":14},"end":{"line":19,"column":15}},"loc":{"start":{"line":19,"column":20},"end":{"line":27,"column":5}},"line":19}},"branchMap":{"0":{"loc":{"start":{"line":20,"column":8},"end":{"line":26,"column":9}},"type":"if","locations":[{"start":{"line":20,"column":8},"end":{"line":26,"column":9}},{"start":{"line":22,"column":15},"end":{"line":26,"column":9}}],"line":20}},"s":{"0":0,"1":0,"2":0,"3":0,"4":0,"5":0,"6":0,"7":0,"8":0},"f":{"0":0,"1":0},"b":{"0":[0,0]}}
,"C:\\Users\\zephu\\Documents\\GitHub\\Orbital\\src\\navigation\\index.js": {"path":"C:\\Users\\zephu\\Documents\\GitHub\\Orbital\\src\\navigation\\index.js","statementMap":{},"fnMap":{},"branchMap":{},"s":{},"f":{},"b":{}}
,"C:\\Users\\zephu\\Documents\\GitHub\\Orbital\\src\\screens\\AddItem.js": {"path":"C:\\Users\\zephu\\Documents\\GitHub\\Orbital\\src\\screens\\AddItem.js","statementMap":{"0":{"start":{"line":19,"column":16},"end":{"line":144,"column":1}},"1":{"start":{"line":21,"column":25},"end":{"line":21,"column":37}},"2":{"start":{"line":22,"column":23},"end":{"line":22,"column":35}},"3":{"start":{"line":23,"column":35},"end":{"line":23,"column":47}},"4":{"start":{"line":25,"column":23},"end":{"line":25,"column":47}},"5":{"start":{"line":28,"column":23},"end":{"line":54,"column":2}},"6":{"start":{"line":30,"column":2},"end":{"line":33,"column":3}},"7":{"start":{"line":31,"column":3},"end":{"line":31,"column":38}},"8":{"start":{"line":32,"column":3},"end":{"line":32,"column":10}},"9":{"start":{"line":36,"column":2},"end":{"line":53,"column":3}},"10":{"start":{"line":37,"column":19},"end":{"line":46,"column":4}},"11":{"start":{"line":47,"column":3},"end":{"line":47,"column":15}},"12":{"start":{"line":48,"column":3},"end":{"line":48,"column":54}},"13":{"start":{"line":49,"column":3},"end":{"line":49,"column":42}},"14":{"start":{"line":51,"column":3},"end":{"line":51,"column":47}},"15":{"start":{"line":52,"column":3},"end":{"line":52,"column":37}},"16":{"start":{"line":57,"column":17},"end":{"line":64,"column":2}},"17":{"start":{"line":58,"column":2},"end":{"line":63,"column":5}},"18":{"start":{"line":67,"column":19},"end":{"line":72,"column":2}},"19":{"start":{"line":68,"column":2},"end":{"line":68,"column":14}},"20":{"start":{"line":69,"column":2},"end":{"line":69,"column":13}},"21":{"start":{"line":70,"column":2},"end":{"line":70,"column":19}},"22":{"start":{"line":71,"column":2},"end":{"line":71,"column":21}},"23":{"start":{"line":74,"column":1},"end":{"line":143,"column":3}},"24":{"start":{"line":146,"column":15},"end":{"line":159,"column":2}},"25":{"start":{"line":161,"column":19},"end":{"line":166,"column":2}}},"fnMap":{"0":{"name":"(anonymous_0)","decl":{"start":{"line":19,"column":16},"end":{"line":19,"column":17}},"loc":{"start":{"line":19,"column":36},"end":{"line":144,"column":1}},"line":19},"1":{"name":"(anonymous_1)","decl":{"start":{"line":28,"column":23},"end":{"line":28,"column":24}},"loc":{"start":{"line":28,"column":35},"end":{"line":54,"column":2}},"line":28},"2":{"name":"(anonymous_2)","decl":{"start":{"line":57,"column":17},"end":{"line":57,"column":18}},"loc":{"start":{"line":57,"column":27},"end":{"line":64,"column":2}},"line":57},"3":{"name":"(anonymous_3)","decl":{"start":{"line":67,"column":19},"end":{"line":67,"column":20}},"loc":{"start":{"line":67,"column":25},"end":{"line":72,"column":2}},"line":67}},"branchMap":{"0":{"loc":{"start":{"line":30,"column":2},"end":{"line":33,"column":3}},"type":"if","locations":[{"start":{"line":30,"column":2},"end":{"line":33,"column":3}},{"start":{},"end":{}}],"line":30},"1":{"loc":{"start":{"line":30,"column":6},"end":{"line":30,"column":43}},"type":"binary-expr","locations":[{"start":{"line":30,"column":6},"end":{"line":30,"column":23}},{"start":{"line":30,"column":27},"end":{"line":30,"column":43}}],"line":30},"2":{"loc":{"start":{"line":76,"column":21},"end":{"line":76,"column":49}},"type":"cond-expr","locations":[{"start":{"line":76,"column":33},"end":{"line":76,"column":40}},{"start":{"line":76,"column":43},"end":{"line":76,"column":49}}],"line":76},"3":{"loc":{"start":{"line":79,"column":14},"end":{"line":79,"column":54}},"type":"cond-expr","locations":[{"start":{"line":79,"column":38},"end":{"line":79,"column":47}},{"start":{"line":79,"column":50},"end":{"line":79,"column":54}}],"line":79},"4":{"loc":{"start":{"line":90,"column":9},"end":{"line":92,"column":26}},"type":"cond-expr","locations":[{"start":{"line":91,"column":12},"end":{"line":91,"column":30}},{"start":{"line":92,"column":12},"end":{"line":92,"column":26}}],"line":90},"5":{"loc":{"start":{"line":97,"column":28},"end":{"line":97,"column":53}},"type":"cond-expr","locations":[{"start":{"line":97,"column":40},"end":{"line":97,"column":46}},{"start":{"line":97,"column":49},"end":{"line":97,"column":53}}],"line":97},"6":{"loc":{"start":{"line":109,"column":9},"end":{"line":111,"column":26}},"type":"cond-expr","locations":[{"start":{"line":110,"column":12},"end":{"line":110,"column":30}},{"start":{"line":111,"column":12},"end":{"line":111,"column":26}}],"line":109},"7":{"loc":{"start":{"line":116,"column":28},"end":{"line":116,"column":53}},"type":"cond-expr","locations":[{"start":{"line":116,"column":40},"end":{"line":116,"column":46}},{"start":{"line":116,"column":49},"end":{"line":116,"column":53}}],"line":116},"8":{"loc":{"start":{"line":128,"column":9},"end":{"line":130,"column":26}},"type":"cond-expr","locations":[{"start":{"line":129,"column":12},"end":{"line":129,"column":30}},{"start":{"line":130,"column":12},"end":{"line":130,"column":26}}],"line":128},"9":{"loc":{"start":{"line":135,"column":28},"end":{"line":135,"column":53}},"type":"cond-expr","locations":[{"start":{"line":135,"column":40},"end":{"line":135,"column":46}},{"start":{"line":135,"column":49},"end":{"line":135,"column":53}}],"line":135}},"s":{"0":1,"1":4,"2":4,"3":4,"4":4,"5":4,"6":1,"7":1,"8":1,"9":0,"10":0,"11":0,"12":0,"13":0,"14":0,"15":0,"16":4,"17":1,"18":4,"19":0,"20":0,"21":0,"22":0,"23":4,"24":1,"25":1},"f":{"0":4,"1":1,"2":1,"3":0},"b":{"0":[1,0],"1":[1,0],"2":[0,4],"3":[4,0],"4":[0,4],"5":[0,4],"6":[0,4],"7":[0,4],"8":[0,4],"9":[0,4]},"_coverageSchema":"1a1c01bbd47fc00a2c39e90264f33305004495a9","hash":"5625ffea8edf0bd69065618a7e8103e6e7423636"}
,"C:\\Users\\zephu\\Documents\\GitHub\\Orbital\\src\\screens\\Coupon.js": {"path":"C:\\Users\\zephu\\Documents\\GitHub\\Orbital\\src\\screens\\Coupon.js","statementMap":{"0":{"start":{"line":10,"column":15},"end":{"line":66,"column":1}},"1":{"start":{"line":11,"column":47},"end":{"line":11,"column":65}},"2":{"start":{"line":12,"column":47},"end":{"line":12,"column":65}},"3":{"start":{"line":13,"column":27},"end":{"line":13,"column":45}},"4":{"start":{"line":14,"column":23},"end":{"line":14,"column":47}},"5":{"start":{"line":15,"column":33},"end":{"line":15,"column":51}},"6":{"start":{"line":18,"column":1},"end":{"line":31,"column":8}},"7":{"start":{"line":20,"column":24},"end":{"line":22,"column":3}},"8":{"start":{"line":24,"column":22},"end":{"line":29,"column":4}},"9":{"start":{"line":25,"column":20},"end":{"line":25,"column":35}},"10":{"start":{"line":26,"column":3},"end":{"line":26,"column":38}},"11":{"start":{"line":27,"column":3},"end":{"line":27,"column":38}},"12":{"start":{"line":28,"column":3},"end":{"line":28,"column":26}},"13":{"start":{"line":30,"column":2},"end":{"line":30,"column":21}},"14":{"start":{"line":33,"column":1},"end":{"line":65,"column":3}},"15":{"start":{"line":37,"column":37},"end":{"line":37,"column":58}},"16":{"start":{"line":42,"column":37},"end":{"line":42,"column":58}},"17":{"start":{"line":56,"column":7},"end":{"line":56,"column":62}},"18":{"start":{"line":68,"column":15},"end":{"line":91,"column":2}}},"fnMap":{"0":{"name":"(anonymous_0)","decl":{"start":{"line":10,"column":15},"end":{"line":10,"column":16}},"loc":{"start":{"line":10,"column":35},"end":{"line":66,"column":1}},"line":10},"1":{"name":"(anonymous_1)","decl":{"start":{"line":18,"column":11},"end":{"line":18,"column":12}},"loc":{"start":{"line":18,"column":17},"end":{"line":31,"column":2}},"line":18},"2":{"name":"(anonymous_2)","decl":{"start":{"line":24,"column":48},"end":{"line":24,"column":49}},"loc":{"start":{"line":24,"column":62},"end":{"line":29,"column":3}},"line":24},"3":{"name":"(anonymous_3)","decl":{"start":{"line":37,"column":31},"end":{"line":37,"column":32}},"loc":{"start":{"line":37,"column":37},"end":{"line":37,"column":58}},"line":37},"4":{"name":"(anonymous_4)","decl":{"start":{"line":42,"column":31},"end":{"line":42,"column":32}},"loc":{"start":{"line":42,"column":37},"end":{"line":42,"column":58}},"line":42},"5":{"name":"(anonymous_5)","decl":{"start":{"line":55,"column":18},"end":{"line":55,"column":19}},"loc":{"start":{"line":56,"column":7},"end":{"line":56,"column":62}},"line":56}},"branchMap":{"0":{"loc":{"start":{"line":35,"column":21},"end":{"line":35,"column":49}},"type":"cond-expr","locations":[{"start":{"line":35,"column":33},"end":{"line":35,"column":40}},{"start":{"line":35,"column":43},"end":{"line":35,"column":49}}],"line":35},"1":{"loc":{"start":{"line":48,"column":63},"end":{"line":48,"column":93}},"type":"cond-expr","locations":[{"start":{"line":48,"column":75},"end":{"line":48,"column":81}},{"start":{"line":48,"column":84},"end":{"line":48,"column":93}}],"line":48},"2":{"loc":{"start":{"line":54,"column":12},"end":{"line":54,"column":66}},"type":"cond-expr","locations":[{"start":{"line":54,"column":35},"end":{"line":54,"column":49}},{"start":{"line":54,"column":52},"end":{"line":54,"column":66}}],"line":54}},"s":{"0":1,"1":3,"2":3,"3":3,"4":3,"5":3,"6":3,"7":3,"8":3,"9":0,"10":0,"11":0,"12":0,"13":3,"14":3,"15":0,"16":0,"17":3,"18":1},"f":{"0":3,"1":3,"2":0,"3":0,"4":0,"5":3},"b":{"0":[0,3],"1":[0,3],"2":[3,0]},"_coverageSchema":"1a1c01bbd47fc00a2c39e90264f33305004495a9","hash":"6f5cbbebba893034f61ad143043649d670460ecd"}
,"C:\\Users\\zephu\\Documents\\GitHub\\Orbital\\src\\screens\\EditItem.js": {"path":"C:\\Users\\zephu\\Documents\\GitHub\\Orbital\\src\\screens\\EditItem.js","statementMap":{"0":{"start":{"line":20,"column":17},"end":{"line":121,"column":1}},"1":{"start":{"line":21,"column":15},"end":{"line":21,"column":25}},"2":{"start":{"line":22,"column":14},"end":{"line":22,"column":31}},"3":{"start":{"line":23,"column":25},"end":{"line":23,"column":37}},"4":{"start":{"line":24,"column":35},"end":{"line":24,"column":47}},"5":{"start":{"line":25,"column":23},"end":{"line":25,"column":47}},"6":{"start":{"line":28,"column":23},"end":{"line":55,"column":2}},"7":{"start":{"line":29,"column":2},"end":{"line":32,"column":3}},"8":{"start":{"line":30,"column":3},"end":{"line":30,"column":54}},"9":{"start":{"line":31,"column":3},"end":{"line":31,"column":10}},"10":{"start":{"line":33,"column":2},"end":{"line":54,"column":3}},"11":{"start":{"line":34,"column":3},"end":{"line":53,"column":4}},"12":{"start":{"line":35,"column":16},"end":{"line":41,"column":5}},"13":{"start":{"line":42,"column":4},"end":{"line":46,"column":7}},"14":{"start":{"line":47,"column":4},"end":{"line":47,"column":16}},"15":{"start":{"line":48,"column":4},"end":{"line":48,"column":51}},"16":{"start":{"line":49,"column":4},"end":{"line":49,"column":43}},"17":{"start":{"line":51,"column":4},"end":{"line":51,"column":48}},"18":{"start":{"line":52,"column":4},"end":{"line":52,"column":38}},"19":{"start":{"line":58,"column":17},"end":{"line":65,"column":2}},"20":{"start":{"line":59,"column":2},"end":{"line":64,"column":5}},"21":{"start":{"line":68,"column":19},"end":{"line":72,"column":2}},"22":{"start":{"line":69,"column":2},"end":{"line":69,"column":14}},"23":{"start":{"line":70,"column":2},"end":{"line":70,"column":19}},"24":{"start":{"line":71,"column":2},"end":{"line":71,"column":21}},"25":{"start":{"line":74,"column":1},"end":{"line":120,"column":3}},"26":{"start":{"line":123,"column":15},"end":{"line":149,"column":2}},"27":{"start":{"line":151,"column":19},"end":{"line":156,"column":2}}},"fnMap":{"0":{"name":"(anonymous_0)","decl":{"start":{"line":20,"column":17},"end":{"line":20,"column":18}},"loc":{"start":{"line":20,"column":23},"end":{"line":121,"column":1}},"line":20},"1":{"name":"(anonymous_1)","decl":{"start":{"line":28,"column":23},"end":{"line":28,"column":24}},"loc":{"start":{"line":28,"column":35},"end":{"line":55,"column":2}},"line":28},"2":{"name":"(anonymous_2)","decl":{"start":{"line":58,"column":17},"end":{"line":58,"column":18}},"loc":{"start":{"line":58,"column":27},"end":{"line":65,"column":2}},"line":58},"3":{"name":"(anonymous_3)","decl":{"start":{"line":68,"column":19},"end":{"line":68,"column":20}},"loc":{"start":{"line":68,"column":25},"end":{"line":72,"column":2}},"line":68}},"branchMap":{"0":{"loc":{"start":{"line":29,"column":2},"end":{"line":32,"column":3}},"type":"if","locations":[{"start":{"line":29,"column":2},"end":{"line":32,"column":3}},{"start":{},"end":{}}],"line":29},"1":{"loc":{"start":{"line":33,"column":2},"end":{"line":54,"column":3}},"type":"if","locations":[{"start":{"line":33,"column":2},"end":{"line":54,"column":3}},{"start":{},"end":{}}],"line":33},"2":{"loc":{"start":{"line":33,"column":6},"end":{"line":33,"column":45}},"type":"binary-expr","locations":[{"start":{"line":33,"column":6},"end":{"line":33,"column":21}},{"start":{"line":33,"column":25},"end":{"line":33,"column":45}}],"line":33},"3":{"loc":{"start":{"line":43,"column":11},"end":{"line":43,"column":40}},"type":"cond-expr","locations":[{"start":{"line":43,"column":24},"end":{"line":43,"column":33}},{"start":{"line":43,"column":36},"end":{"line":43,"column":40}}],"line":43},"4":{"loc":{"start":{"line":45,"column":6},"end":{"line":45,"column":55}},"type":"cond-expr","locations":[{"start":{"line":45,"column":24},"end":{"line":45,"column":43}},{"start":{"line":45,"column":46},"end":{"line":45,"column":55}}],"line":45},"5":{"loc":{"start":{"line":76,"column":21},"end":{"line":76,"column":49}},"type":"cond-expr","locations":[{"start":{"line":76,"column":33},"end":{"line":76,"column":40}},{"start":{"line":76,"column":43},"end":{"line":76,"column":49}}],"line":76},"6":{"loc":{"start":{"line":79,"column":14},"end":{"line":79,"column":54}},"type":"cond-expr","locations":[{"start":{"line":79,"column":38},"end":{"line":79,"column":47}},{"start":{"line":79,"column":50},"end":{"line":79,"column":54}}],"line":79},"7":{"loc":{"start":{"line":90,"column":9},"end":{"line":92,"column":26}},"type":"cond-expr","locations":[{"start":{"line":91,"column":12},"end":{"line":91,"column":30}},{"start":{"line":92,"column":12},"end":{"line":92,"column":26}}],"line":90},"8":{"loc":{"start":{"line":107,"column":9},"end":{"line":109,"column":26}},"type":"cond-expr","locations":[{"start":{"line":108,"column":12},"end":{"line":108,"column":30}},{"start":{"line":109,"column":12},"end":{"line":109,"column":26}}],"line":107}},"s":{"0":1,"1":3,"2":3,"3":3,"4":3,"5":3,"6":3,"7":0,"8":0,"9":0,"10":0,"11":0,"12":0,"13":0,"14":0,"15":0,"16":0,"17":0,"18":0,"19":3,"20":0,"21":3,"22":0,"23":0,"24":0,"25":3,"26":1,"27":1},"f":{"0":3,"1":0,"2":0,"3":0},"b":{"0":[0,0],"1":[0,0],"2":[0,0],"3":[0,0],"4":[0,0],"5":[0,3],"6":[3,0],"7":[0,3],"8":[0,3]},"_coverageSchema":"1a1c01bbd47fc00a2c39e90264f33305004495a9","hash":"7dbd42883fbc89adb6a6c7df53b5d8b6bcf78157"}
,"C:\\Users\\zephu\\Documents\\GitHub\\Orbital\\src\\screens\\Forget.js": {"path":"C:\\Users\\zephu\\Documents\\GitHub\\Orbital\\src\\screens\\Forget.js","statementMap":{"0":{"start":{"line":23,"column":15},"end":{"line":125,"column":1}},"1":{"start":{"line":24,"column":27},"end":{"line":24,"column":39}},"2":{"start":{"line":25,"column":23},"end":{"line":25,"column":47}},"3":{"start":{"line":27,"column":28},"end":{"line":34,"column":2}},"4":{"start":{"line":28,"column":2},"end":{"line":33,"column":5}},"5":{"start":{"line":37,"column":22},"end":{"line":54,"column":2}},"6":{"start":{"line":39,"column":2},"end":{"line":42,"column":3}},"7":{"start":{"line":40,"column":3},"end":{"line":40,"column":24}},"8":{"start":{"line":41,"column":3},"end":{"line":41,"column":10}},"9":{"start":{"line":44,"column":2},"end":{"line":53,"column":6}},"10":{"start":{"line":46,"column":4},"end":{"line":46,"column":18}},"11":{"start":{"line":49,"column":22},"end":{"line":49,"column":32}},"12":{"start":{"line":50,"column":25},"end":{"line":50,"column":38}},"13":{"start":{"line":52,"column":4},"end":{"line":52,"column":61}},"14":{"start":{"line":56,"column":21},"end":{"line":59,"column":2}},"15":{"start":{"line":57,"column":2},"end":{"line":57,"column":15}},"16":{"start":{"line":58,"column":2},"end":{"line":58,"column":21}},"17":{"start":{"line":61,"column":1},"end":{"line":124,"column":3}},"18":{"start":{"line":114,"column":8},"end":{"line":114,"column":37}},"19":{"start":{"line":127,"column":15},"end":{"line":175,"column":2}},"20":{"start":{"line":177,"column":19},"end":{"line":198,"column":2}}},"fnMap":{"0":{"name":"(anonymous_0)","decl":{"start":{"line":23,"column":15},"end":{"line":23,"column":16}},"loc":{"start":{"line":23,"column":35},"end":{"line":125,"column":1}},"line":23},"1":{"name":"(anonymous_1)","decl":{"start":{"line":27,"column":28},"end":{"line":27,"column":29}},"loc":{"start":{"line":27,"column":34},"end":{"line":34,"column":2}},"line":27},"2":{"name":"(anonymous_2)","decl":{"start":{"line":37,"column":22},"end":{"line":37,"column":23}},"loc":{"start":{"line":37,"column":28},"end":{"line":54,"column":2}},"line":37},"3":{"name":"(anonymous_3)","decl":{"start":{"line":45,"column":9},"end":{"line":45,"column":10}},"loc":{"start":{"line":45,"column":15},"end":{"line":47,"column":4}},"line":45},"4":{"name":"(anonymous_4)","decl":{"start":{"line":48,"column":10},"end":{"line":48,"column":11}},"loc":{"start":{"line":48,"column":21},"end":{"line":53,"column":4}},"line":48},"5":{"name":"(anonymous_5)","decl":{"start":{"line":56,"column":21},"end":{"line":56,"column":22}},"loc":{"start":{"line":56,"column":27},"end":{"line":59,"column":2}},"line":56},"6":{"name":"(anonymous_6)","decl":{"start":{"line":113,"column":16},"end":{"line":113,"column":17}},"loc":{"start":{"line":113,"column":22},"end":{"line":115,"column":8}},"line":113}},"branchMap":{"0":{"loc":{"start":{"line":39,"column":2},"end":{"line":42,"column":3}},"type":"if","locations":[{"start":{"line":39,"column":2},"end":{"line":42,"column":3}},{"start":{},"end":{}}],"line":39},"1":{"loc":{"start":{"line":63,"column":10},"end":{"line":63,"column":61}},"type":"cond-expr","locations":[{"start":{"line":63,"column":22},"end":{"line":63,"column":42}},{"start":{"line":63,"column":45},"end":{"line":63,"column":61}}],"line":63},"2":{"loc":{"start":{"line":65,"column":21},"end":{"line":65,"column":49}},"type":"cond-expr","locations":[{"start":{"line":65,"column":33},"end":{"line":65,"column":40}},{"start":{"line":65,"column":43},"end":{"line":65,"column":49}}],"line":65},"3":{"loc":{"start":{"line":68,"column":14},"end":{"line":68,"column":54}},"type":"cond-expr","locations":[{"start":{"line":68,"column":38},"end":{"line":68,"column":47}},{"start":{"line":68,"column":50},"end":{"line":68,"column":54}}],"line":68},"4":{"loc":{"start":{"line":71,"column":12},"end":{"line":71,"column":63}},"type":"cond-expr","locations":[{"start":{"line":71,"column":24},"end":{"line":71,"column":44}},{"start":{"line":71,"column":47},"end":{"line":71,"column":63}}],"line":71},"5":{"loc":{"start":{"line":79,"column":18},"end":{"line":79,"column":63}},"type":"cond-expr","locations":[{"start":{"line":79,"column":30},"end":{"line":79,"column":47}},{"start":{"line":79,"column":50},"end":{"line":79,"column":63}}],"line":79},"6":{"loc":{"start":{"line":109,"column":19},"end":{"line":109,"column":60}},"type":"cond-expr","locations":[{"start":{"line":109,"column":31},"end":{"line":109,"column":46}},{"start":{"line":109,"column":49},"end":{"line":109,"column":60}}],"line":109}},"s":{"0":1,"1":4,"2":4,"3":4,"4":1,"5":4,"6":1,"7":1,"8":1,"9":0,"10":0,"11":0,"12":0,"13":0,"14":4,"15":0,"16":0,"17":4,"18":1,"19":1,"20":1},"f":{"0":4,"1":1,"2":1,"3":0,"4":0,"5":0,"6":1},"b":{"0":[1,0],"1":[0,4],"2":[0,4],"3":[4,0],"4":[0,4],"5":[0,4],"6":[0,4]},"_coverageSchema":"1a1c01bbd47fc00a2c39e90264f33305004495a9","hash":"7d92a4e657334da8529fdb2029bae4f5a3951a9d"}
,"C:\\Users\\zephu\\Documents\\GitHub\\Orbital\\src\\screens\\ItemDetails.js": {"path":"C:\\Users\\zephu\\Documents\\GitHub\\Orbital\\src\\screens\\ItemDetails.js","statementMap":{"0":{"start":{"line":21,"column":20},"end":{"line":107,"column":1}},"1":{"start":{"line":22,"column":15},"end":{"line":22,"column":25}},"2":{"start":{"line":23,"column":20},"end":{"line":23,"column":35}},"3":{"start":{"line":24,"column":14},"end":{"line":24,"column":31}},"4":{"start":{"line":25,"column":23},"end":{"line":25,"column":47}},"5":{"start":{"line":28,"column":1},"end":{"line":40,"column":8}},"6":{"start":{"line":29,"column":2},"end":{"line":39,"column":5}},"7":{"start":{"line":31,"column":4},"end":{"line":37,"column":23}},"8":{"start":{"line":31,"column":37},"end":{"line":31,"column":61}},"9":{"start":{"line":43,"column":25},"end":{"line":66,"column":2}},"10":{"start":{"line":44,"column":2},"end":{"line":65,"column":3}},"11":{"start":{"line":45,"column":3},"end":{"line":47,"column":5}},"12":{"start":{"line":49,"column":3},"end":{"line":49,"column":46}},"13":{"start":{"line":50,"column":3},"end":{"line":55,"column":6}},"14":{"start":{"line":56,"column":3},"end":{"line":56,"column":45}},"15":{"start":{"line":58,"column":3},"end":{"line":58,"column":47}},"16":{"start":{"line":59,"column":3},"end":{"line":64,"column":6}},"17":{"start":{"line":68,"column":19},"end":{"line":74,"column":2}},"18":{"start":{"line":76,"column":1},"end":{"line":106,"column":3}},"19":{"start":{"line":88,"column":6},"end":{"line":88,"column":32}},"20":{"start":{"line":109,"column":15},"end":{"line":120,"column":2}}},"fnMap":{"0":{"name":"(anonymous_0)","decl":{"start":{"line":21,"column":20},"end":{"line":21,"column":21}},"loc":{"start":{"line":21,"column":26},"end":{"line":107,"column":1}},"line":21},"1":{"name":"(anonymous_1)","decl":{"start":{"line":28,"column":17},"end":{"line":28,"column":18}},"loc":{"start":{"line":28,"column":23},"end":{"line":40,"column":2}},"line":28},"2":{"name":"(anonymous_2)","decl":{"start":{"line":30,"column":16},"end":{"line":30,"column":17}},"loc":{"start":{"line":31,"column":4},"end":{"line":37,"column":23}},"line":31},"3":{"name":"(anonymous_3)","decl":{"start":{"line":31,"column":31},"end":{"line":31,"column":32}},"loc":{"start":{"line":31,"column":37},"end":{"line":31,"column":61}},"line":31},"4":{"name":"(anonymous_4)","decl":{"start":{"line":43,"column":25},"end":{"line":43,"column":26}},"loc":{"start":{"line":43,"column":39},"end":{"line":66,"column":2}},"line":43},"5":{"name":"(anonymous_5)","decl":{"start":{"line":87,"column":21},"end":{"line":87,"column":22}},"loc":{"start":{"line":87,"column":27},"end":{"line":89,"column":6}},"line":87}},"branchMap":{"0":{"loc":{"start":{"line":78,"column":21},"end":{"line":78,"column":49}},"type":"cond-expr","locations":[{"start":{"line":78,"column":33},"end":{"line":78,"column":40}},{"start":{"line":78,"column":43},"end":{"line":78,"column":49}}],"line":78}},"s":{"0":1,"1":3,"2":3,"3":3,"4":3,"5":3,"6":3,"7":0,"8":0,"9":3,"10":0,"11":0,"12":0,"13":0,"14":0,"15":0,"16":0,"17":3,"18":3,"19":0,"20":1},"f":{"0":3,"1":3,"2":0,"3":0,"4":0,"5":0},"b":{"0":[0,3]},"_coverageSchema":"1a1c01bbd47fc00a2c39e90264f33305004495a9","hash":"30d0ebad3a32536d2e651448d5270ac6acd61b19"}
,"C:\\Users\\zephu\\Documents\\GitHub\\Orbital\\src\\screens\\Login.js": {"path":"C:\\Users\\zephu\\Documents\\GitHub\\Orbital\\src\\screens\\Login.js","statementMap":{"0":{"start":{"line":23,"column":14},"end":{"line":163,"column":1}},"1":{"start":{"line":25,"column":27},"end":{"line":25,"column":39}},"2":{"start":{"line":26,"column":33},"end":{"line":26,"column":45}},"3":{"start":{"line":27,"column":23},"end":{"line":27,"column":47}},"4":{"start":{"line":31,"column":28},"end":{"line":38,"column":2}},"5":{"start":{"line":32,"column":2},"end":{"line":37,"column":5}},"6":{"start":{"line":40,"column":26},"end":{"line":47,"column":2}},"7":{"start":{"line":41,"column":2},"end":{"line":46,"column":5}},"8":{"start":{"line":50,"column":21},"end":{"line":54,"column":2}},"9":{"start":{"line":51,"column":2},"end":{"line":51,"column":15}},"10":{"start":{"line":52,"column":2},"end":{"line":52,"column":18}},"11":{"start":{"line":53,"column":2},"end":{"line":53,"column":21}},"12":{"start":{"line":57,"column":22},"end":{"line":75,"column":2}},"13":{"start":{"line":59,"column":2},"end":{"line":62,"column":3}},"14":{"start":{"line":60,"column":3},"end":{"line":60,"column":24}},"15":{"start":{"line":61,"column":3},"end":{"line":61,"column":10}},"16":{"start":{"line":65,"column":2},"end":{"line":74,"column":6}},"17":{"start":{"line":67,"column":4},"end":{"line":67,"column":18}},"18":{"start":{"line":70,"column":22},"end":{"line":70,"column":32}},"19":{"start":{"line":71,"column":25},"end":{"line":71,"column":38}},"20":{"start":{"line":72,"column":4},"end":{"line":72,"column":61}},"21":{"start":{"line":73,"column":4},"end":{"line":73,"column":23}},"22":{"start":{"line":77,"column":1},"end":{"line":162,"column":3}},"23":{"start":{"line":131,"column":23},"end":{"line":131,"column":52}},"24":{"start":{"line":152,"column":8},"end":{"line":152,"column":40}},"25":{"start":{"line":165,"column":15},"end":{"line":202,"column":2}},"26":{"start":{"line":204,"column":19},"end":{"line":225,"column":2}}},"fnMap":{"0":{"name":"(anonymous_0)","decl":{"start":{"line":23,"column":14},"end":{"line":23,"column":15}},"loc":{"start":{"line":23,"column":34},"end":{"line":163,"column":1}},"line":23},"1":{"name":"(anonymous_1)","decl":{"start":{"line":31,"column":28},"end":{"line":31,"column":29}},"loc":{"start":{"line":31,"column":34},"end":{"line":38,"column":2}},"line":31},"2":{"name":"(anonymous_2)","decl":{"start":{"line":40,"column":26},"end":{"line":40,"column":27}},"loc":{"start":{"line":40,"column":32},"end":{"line":47,"column":2}},"line":40},"3":{"name":"(anonymous_3)","decl":{"start":{"line":50,"column":21},"end":{"line":50,"column":22}},"loc":{"start":{"line":50,"column":27},"end":{"line":54,"column":2}},"line":50},"4":{"name":"(anonymous_4)","decl":{"start":{"line":57,"column":22},"end":{"line":57,"column":23}},"loc":{"start":{"line":57,"column":28},"end":{"line":75,"column":2}},"line":57},"5":{"name":"(anonymous_5)","decl":{"start":{"line":66,"column":9},"end":{"line":66,"column":10}},"loc":{"start":{"line":66,"column":30},"end":{"line":68,"column":4}},"line":66},"6":{"name":"(anonymous_6)","decl":{"start":{"line":69,"column":10},"end":{"line":69,"column":11}},"loc":{"start":{"line":69,"column":21},"end":{"line":74,"column":4}},"line":69},"7":{"name":"(anonymous_7)","decl":{"start":{"line":131,"column":17},"end":{"line":131,"column":18}},"loc":{"start":{"line":131,"column":23},"end":{"line":131,"column":52}},"line":131},"8":{"name":"(anonymous_8)","decl":{"start":{"line":151,"column":16},"end":{"line":151,"column":17}},"loc":{"start":{"line":151,"column":22},"end":{"line":153,"column":8}},"line":151}},"branchMap":{"0":{"loc":{"start":{"line":59,"column":2},"end":{"line":62,"column":3}},"type":"if","locations":[{"start":{"line":59,"column":2},"end":{"line":62,"column":3}},{"start":{},"end":{}}],"line":59},"1":{"loc":{"start":{"line":59,"column":6},"end":{"line":59,"column":49}},"type":"binary-expr","locations":[{"start":{"line":59,"column":6},"end":{"line":59,"column":24}},{"start":{"line":59,"column":28},"end":{"line":59,"column":49}}],"line":59},"2":{"loc":{"start":{"line":79,"column":10},"end":{"line":79,"column":61}},"type":"cond-expr","locations":[{"start":{"line":79,"column":22},"end":{"line":79,"column":42}},{"start":{"line":79,"column":45},"end":{"line":79,"column":61}}],"line":79},"3":{"loc":{"start":{"line":81,"column":21},"end":{"line":81,"column":49}},"type":"cond-expr","locations":[{"start":{"line":81,"column":33},"end":{"line":81,"column":40}},{"start":{"line":81,"column":43},"end":{"line":81,"column":49}}],"line":81},"4":{"loc":{"start":{"line":85,"column":14},"end":{"line":85,"column":54}},"type":"cond-expr","locations":[{"start":{"line":85,"column":38},"end":{"line":85,"column":47}},{"start":{"line":85,"column":50},"end":{"line":85,"column":54}}],"line":85},"5":{"loc":{"start":{"line":88,"column":12},"end":{"line":88,"column":63}},"type":"cond-expr","locations":[{"start":{"line":88,"column":24},"end":{"line":88,"column":44}},{"start":{"line":88,"column":47},"end":{"line":88,"column":63}}],"line":88},"6":{"loc":{"start":{"line":96,"column":18},"end":{"line":96,"column":63}},"type":"cond-expr","locations":[{"start":{"line":96,"column":30},"end":{"line":96,"column":47}},{"start":{"line":96,"column":50},"end":{"line":96,"column":63}}],"line":96},"7":{"loc":{"start":{"line":147,"column":19},"end":{"line":147,"column":60}},"type":"cond-expr","locations":[{"start":{"line":147,"column":31},"end":{"line":147,"column":46}},{"start":{"line":147,"column":49},"end":{"line":147,"column":60}}],"line":147}},"s":{"0":1,"1":5,"2":5,"3":5,"4":5,"5":1,"6":5,"7":0,"8":5,"9":0,"10":0,"11":0,"12":5,"13":1,"14":1,"15":1,"16":0,"17":0,"18":0,"19":0,"20":0,"21":0,"22":5,"23":1,"24":1,"25":1,"26":1},"f":{"0":5,"1":1,"2":0,"3":0,"4":1,"5":0,"6":0,"7":1,"8":1},"b":{"0":[1,0],"1":[1,0],"2":[0,5],"3":[0,5],"4":[5,0],"5":[0,5],"6":[0,5],"7":[0,5]},"_coverageSchema":"1a1c01bbd47fc00a2c39e90264f33305004495a9","hash":"76f48c416583ac609c61780f26de050cc23a050b"}
,"C:\\Users\\zephu\\Documents\\GitHub\\Orbital\\src\\screens\\Register.js": {"path":"C:\\Users\\zephu\\Documents\\GitHub\\Orbital\\src\\screens\\Register.js","statementMap":{"0":{"start":{"line":23,"column":17},"end":{"line":170,"column":1}},"1":{"start":{"line":24,"column":27},"end":{"line":24,"column":39}},"2":{"start":{"line":25,"column":33},"end":{"line":25,"column":45}},"3":{"start":{"line":26,"column":47},"end":{"line":26,"column":59}},"4":{"start":{"line":27,"column":23},"end":{"line":27,"column":47}},"5":{"start":{"line":30,"column":17},"end":{"line":37,"column":2}},"6":{"start":{"line":31,"column":2},"end":{"line":36,"column":5}},"7":{"start":{"line":40,"column":23},"end":{"line":64,"column":2}},"8":{"start":{"line":41,"column":2},"end":{"line":44,"column":3}},"9":{"start":{"line":42,"column":3},"end":{"line":42,"column":48}},"10":{"start":{"line":43,"column":3},"end":{"line":43,"column":10}},"11":{"start":{"line":46,"column":2},"end":{"line":49,"column":3}},"12":{"start":{"line":47,"column":3},"end":{"line":47,"column":41}},"13":{"start":{"line":48,"column":3},"end":{"line":48,"column":10}},"14":{"start":{"line":52,"column":2},"end":{"line":63,"column":6}},"15":{"start":{"line":54,"column":4},"end":{"line":54,"column":18}},"16":{"start":{"line":55,"column":4},"end":{"line":55,"column":37}},"17":{"start":{"line":59,"column":22},"end":{"line":59,"column":32}},"18":{"start":{"line":60,"column":25},"end":{"line":60,"column":38}},"19":{"start":{"line":62,"column":4},"end":{"line":62,"column":62}},"20":{"start":{"line":67,"column":21},"end":{"line":71,"column":2}},"21":{"start":{"line":68,"column":2},"end":{"line":68,"column":15}},"22":{"start":{"line":69,"column":2},"end":{"line":69,"column":18}},"23":{"start":{"line":70,"column":2},"end":{"line":70,"column":21}},"24":{"start":{"line":73,"column":1},"end":{"line":169,"column":3}},"25":{"start":{"line":159,"column":8},"end":{"line":159,"column":37}},"26":{"start":{"line":172,"column":15},"end":{"line":209,"column":2}},"27":{"start":{"line":211,"column":19},"end":{"line":232,"column":2}}},"fnMap":{"0":{"name":"(anonymous_0)","decl":{"start":{"line":23,"column":17},"end":{"line":23,"column":18}},"loc":{"start":{"line":23,"column":37},"end":{"line":170,"column":1}},"line":23},"1":{"name":"(anonymous_1)","decl":{"start":{"line":30,"column":17},"end":{"line":30,"column":18}},"loc":{"start":{"line":30,"column":30},"end":{"line":37,"column":2}},"line":30},"2":{"name":"(anonymous_2)","decl":{"start":{"line":40,"column":23},"end":{"line":40,"column":24}},"loc":{"start":{"line":40,"column":29},"end":{"line":64,"column":2}},"line":40},"3":{"name":"(anonymous_3)","decl":{"start":{"line":53,"column":9},"end":{"line":53,"column":10}},"loc":{"start":{"line":53,"column":15},"end":{"line":57,"column":4}},"line":53},"4":{"name":"(anonymous_4)","decl":{"start":{"line":58,"column":10},"end":{"line":58,"column":11}},"loc":{"start":{"line":58,"column":21},"end":{"line":63,"column":4}},"line":58},"5":{"name":"(anonymous_5)","decl":{"start":{"line":67,"column":21},"end":{"line":67,"column":22}},"loc":{"start":{"line":67,"column":27},"end":{"line":71,"column":2}},"line":67},"6":{"name":"(anonymous_6)","decl":{"start":{"line":158,"column":16},"end":{"line":158,"column":17}},"loc":{"start":{"line":158,"column":22},"end":{"line":160,"column":8}},"line":158}},"branchMap":{"0":{"loc":{"start":{"line":41,"column":2},"end":{"line":44,"column":3}},"type":"if","locations":[{"start":{"line":41,"column":2},"end":{"line":44,"column":3}},{"start":{},"end":{}}],"line":41},"1":{"loc":{"start":{"line":41,"column":6},"end":{"line":41,"column":49}},"type":"binary-expr","locations":[{"start":{"line":41,"column":6},"end":{"line":41,"column":24}},{"start":{"line":41,"column":28},"end":{"line":41,"column":49}}],"line":41},"2":{"loc":{"start":{"line":46,"column":2},"end":{"line":49,"column":3}},"type":"if","locations":[{"start":{"line":46,"column":2},"end":{"line":49,"column":3}},{"start":{},"end":{}}],"line":46},"3":{"loc":{"start":{"line":75,"column":10},"end":{"line":75,"column":61}},"type":"cond-expr","locations":[{"start":{"line":75,"column":22},"end":{"line":75,"column":42}},{"start":{"line":75,"column":45},"end":{"line":75,"column":61}}],"line":75},"4":{"loc":{"start":{"line":77,"column":21},"end":{"line":77,"column":49}},"type":"cond-expr","locations":[{"start":{"line":77,"column":33},"end":{"line":77,"column":40}},{"start":{"line":77,"column":43},"end":{"line":77,"column":49}}],"line":77},"5":{"loc":{"start":{"line":80,"column":14},"end":{"line":80,"column":54}},"type":"cond-expr","locations":[{"start":{"line":80,"column":38},"end":{"line":80,"column":47}},{"start":{"line":80,"column":50},"end":{"line":80,"column":54}}],"line":80},"6":{"loc":{"start":{"line":83,"column":12},"end":{"line":83,"column":63}},"type":"cond-expr","locations":[{"start":{"line":83,"column":24},"end":{"line":83,"column":44}},{"start":{"line":83,"column":47},"end":{"line":83,"column":63}}],"line":83},"7":{"loc":{"start":{"line":91,"column":18},"end":{"line":91,"column":63}},"type":"cond-expr","locations":[{"start":{"line":91,"column":30},"end":{"line":91,"column":47}},{"start":{"line":91,"column":50},"end":{"line":91,"column":63}}],"line":91},"8":{"loc":{"start":{"line":154,"column":19},"end":{"line":154,"column":60}},"type":"cond-expr","locations":[{"start":{"line":154,"column":31},"end":{"line":154,"column":46}},{"start":{"line":154,"column":49},"end":{"line":154,"column":60}}],"line":154}},"s":{"0":1,"1":4,"2":4,"3":4,"4":4,"5":4,"6":1,"7":4,"8":1,"9":1,"10":1,"11":0,"12":0,"13":0,"14":0,"15":0,"16":0,"17":0,"18":0,"19":0,"20":4,"21":0,"22":0,"23":0,"24":4,"25":1,"26":1,"27":1},"f":{"0":4,"1":1,"2":1,"3":0,"4":0,"5":0,"6":1},"b":{"0":[1,0],"1":[1,0],"2":[0,0],"3":[0,4],"4":[0,4],"5":[4,0],"6":[0,4],"7":[0,4],"8":[0,4]},"_coverageSchema":"1a1c01bbd47fc00a2c39e90264f33305004495a9","hash":"1dd6868681157f545c43589869ffa2f211f26434"}
,"C:\\Users\\zephu\\Documents\\GitHub\\Orbital\\src\\screens\\Track.js": {"path":"C:\\Users\\zephu\\Documents\\GitHub\\Orbital\\src\\screens\\Track.js","statementMap":{"0":{"start":{"line":10,"column":14},"end":{"line":64,"column":1}},"1":{"start":{"line":11,"column":33},"end":{"line":11,"column":51}},"2":{"start":{"line":12,"column":41},"end":{"line":12,"column":53}},"3":{"start":{"line":13,"column":31},"end":{"line":13,"column":46}},"4":{"start":{"line":14,"column":23},"end":{"line":14,"column":47}},"5":{"start":{"line":18,"column":1},"end":{"line":33,"column":8}},"6":{"start":{"line":20,"column":24},"end":{"line":22,"column":3}},"7":{"start":{"line":23,"column":22},"end":{"line":31,"column":4}},"8":{"start":{"line":24,"column":20},"end":{"line":24,"column":22}},"9":{"start":{"line":26,"column":3},"end":{"line":28,"column":6}},"10":{"start":{"line":27,"column":4},"end":{"line":27,"column":49}},"11":{"start":{"line":30,"column":3},"end":{"line":30,"column":30}},"12":{"start":{"line":32,"column":2},"end":{"line":32,"column":21}},"13":{"start":{"line":36,"column":1},"end":{"line":63,"column":3}},"14":{"start":{"line":49,"column":7},"end":{"line":51,"column":45}},"15":{"start":{"line":54,"column":7},"end":{"line":54,"column":45}},"16":{"start":{"line":66,"column":15},"end":{"line":81,"column":2}}},"fnMap":{"0":{"name":"(anonymous_0)","decl":{"start":{"line":10,"column":14},"end":{"line":10,"column":15}},"loc":{"start":{"line":10,"column":34},"end":{"line":64,"column":1}},"line":10},"1":{"name":"(anonymous_1)","decl":{"start":{"line":18,"column":11},"end":{"line":18,"column":12}},"loc":{"start":{"line":18,"column":17},"end":{"line":33,"column":2}},"line":18},"2":{"name":"(anonymous_2)","decl":{"start":{"line":23,"column":48},"end":{"line":23,"column":49}},"loc":{"start":{"line":23,"column":62},"end":{"line":31,"column":3}},"line":23},"3":{"name":"(anonymous_3)","decl":{"start":{"line":26,"column":20},"end":{"line":26,"column":21}},"loc":{"start":{"line":26,"column":29},"end":{"line":28,"column":4}},"line":26},"4":{"name":"(anonymous_4)","decl":{"start":{"line":48,"column":28},"end":{"line":48,"column":29}},"loc":{"start":{"line":49,"column":7},"end":{"line":51,"column":45}},"line":49},"5":{"name":"(anonymous_5)","decl":{"start":{"line":53,"column":18},"end":{"line":53,"column":19}},"loc":{"start":{"line":54,"column":7},"end":{"line":54,"column":45}},"line":54}},"branchMap":{"0":{"loc":{"start":{"line":38,"column":21},"end":{"line":38,"column":49}},"type":"cond-expr","locations":[{"start":{"line":38,"column":33},"end":{"line":38,"column":40}},{"start":{"line":38,"column":43},"end":{"line":38,"column":49}}],"line":38}},"s":{"0":1,"1":4,"2":4,"3":4,"4":4,"5":4,"6":4,"7":4,"8":0,"9":0,"10":0,"11":0,"12":4,"13":4,"14":4,"15":4,"16":1},"f":{"0":4,"1":4,"2":0,"3":0,"4":4,"5":4},"b":{"0":[0,4]},"_coverageSchema":"1a1c01bbd47fc00a2c39e90264f33305004495a9","hash":"4087a38fb9ba2997c8eb5ddc82224c03c87038e0"}
,"C:\\Users\\zephu\\Documents\\GitHub\\Orbital\\src\\screens\\index.js": {"path":"C:\\Users\\zephu\\Documents\\GitHub\\Orbital\\src\\screens\\index.js","statementMap":{},"fnMap":{},"branchMap":{},"s":{},"f":{},"b":{}}
}
