TN:
SF:App.js
FN:24,(anonymous_0)
FN:31,(anonymous_1)
FN:75,(anonymous_2)
FN:79,App
FN:84,(anonymous_4)
FN:104,(anonymous_5)
FN:109,(anonymous_6)
FN:116,(anonymous_7)
FN:123,(anonymous_8)
FNF:9
FNH:0
FNDA:0,(anonymous_0)
FNDA:0,(anonymous_1)
FNDA:0,(anonymous_2)
FNDA:0,App
FNDA:0,(anonymous_4)
FNDA:0,(anonymous_5)
FNDA:0,(anonymous_6)
FNDA:0,(anonymous_7)
FNDA:0,(anonymous_8)
DA:17,0
DA:18,0
DA:21,0
DA:23,0
DA:24,0
DA:31,0
DA:33,0
DA:36,0
DA:37,0
DA:38,0
DA:40,0
DA:41,0
DA:43,0
DA:45,0
DA:46,0
DA:48,0
DA:50,0
DA:53,0
DA:54,0
DA:61,0
DA:62,0
DA:70,0
DA:73,0
DA:75,0
DA:80,0
DA:81,0
DA:84,0
DA:85,0
DA:86,0
DA:87,0
DA:95,0
DA:96,0
DA:98,0
DA:100,0
DA:104,0
DA:105,0
DA:108,0
DA:110,0
DA:114,0
DA:117,0
DA:123,0
DA:124,0
DA:127,0
DA:130,0
DA:134,0
LF:45
LH:0
BRDA:33,0,0,0
BRDA:33,0,1,0
BRDA:38,1,0,0
BRDA:38,1,1,0
BRDA:43,2,0,0
BRDA:43,2,1,0
BRDA:53,3,0,0
BRDA:53,3,1,0
BRDA:61,4,0,0
BRDA:61,4,1,0
BRF:10
BRH:0
end_of_record
TN:
SF:metro.config.js
FNF:0
FNH:0
DA:1,0
DA:3,0
DA:5,0
DA:7,0
LF:4
LH:0
BRF:0
BRH:0
end_of_record
TN:
SF:src\components\ThemeManager.js
FN:6,(anonymous_0)
FN:9,(anonymous_1)
FNF:2
FNH:0
FNDA:0,(anonymous_0)
FNDA:0,(anonymous_1)
DA:4,10
DA:6,10
DA:7,0
DA:9,0
DA:10,0
DA:13,0
LF:6
LH:2
BRDA:7,0,0,0
BRDA:7,0,1,0
BRF:2
BRH:0
end_of_record
TN:
SF:src\components\index.js
FNF:0
FNH:0
LF:0
LH:0
BRF:0
BRH:0
end_of_record
TN:
SF:src\components\Auth\AuthButton.js
FN:4,(anonymous_0)
FNF:1
FNH:1
FNDA:25,(anonymous_0)
DA:4,10
DA:5,25
DA:7,25
DA:21,10
LF:4
LH:4
BRF:0
BRH:0
end_of_record
TN:
SF:src\components\Auth\AuthTextInput.js
FN:6,(anonymous_0)
FNF:1
FNH:1
FNDA:48,(anonymous_0)
DA:6,10
DA:16,48
DA:18,48
DA:20,48
DA:42,10
DA:58,10
LF:6
LH:6
BRDA:25,0,0,0
BRDA:25,0,1,48
BRDA:28,1,0,13
BRDA:28,1,1,35
BRDA:31,2,0,0
BRDA:31,2,1,48
BRF:6
BRH:4
end_of_record
TN:
SF:src\components\Navigation\TabButton.js
FN:6,(anonymous_0)
FN:13,(anonymous_1)
FNF:2
FNH:0
FNDA:0,(anonymous_0)
FNDA:0,(anonymous_1)
DA:6,9
DA:7,0
DA:8,0
DA:9,0
DA:10,0
DA:11,0
DA:13,0
DA:14,0
DA:15,0
DA:16,0
DA:17,0
DA:19,0
DA:20,0
DA:21,0
DA:25,0
DA:58,9
LF:16
LH:2
BRDA:14,0,0,0
BRDA:14,0,1,0
BRDA:44,1,0,0
BRDA:44,1,1,0
BRF:4
BRH:0
end_of_record
TN:
SF:src\components\Searchbar\SearchBar.js
FN:5,(anonymous_0)
FN:28,(anonymous_1)
FN:40,(anonymous_2)
FN:51,(anonymous_3)
FNF:4
FNH:1
FNDA:9,(anonymous_0)
FNDA:0,(anonymous_1)
FNDA:0,(anonymous_2)
FNDA:0,(anonymous_3)
DA:5,10
DA:6,9
DA:29,0
DA:41,0
DA:52,0
DA:53,0
DA:66,10
LF:7
LH:3
BRDA:10,0,0,1
BRDA:10,0,1,8
BRDA:34,1,0,9
BRDA:34,1,1,1
BRDA:47,2,0,9
BRDA:47,2,1,1
BRF:6
BRH:6
end_of_record
TN:
SF:src\components\ToggleButton\ToggleButton.js
FN:6,(anonymous_0)
FNF:1
FNH:0
FNDA:0,(anonymous_0)
DA:6,9
DA:7,0
DA:8,0
DA:10,0
DA:24,9
DA:40,9
LF:6
LH:3
BRDA:13,0,0,0
BRDA:13,0,1,0
BRF:2
BRH:0
end_of_record
TN:
SF:src\components\Tracker\ItemButton.js
FN:6,(anonymous_0)
FN:12,(anonymous_1)
FNF:2
FNH:2
FNDA:5,(anonymous_0)
FNDA:1,(anonymous_1)
DA:6,9
DA:7,5
DA:8,5
DA:10,5
DA:13,1
LF:5
LH:5
BRF:0
BRH:0
end_of_record
TN:
SF:src\components\Tracker\ItemImage.js
FN:5,(anonymous_0)
FNF:1
FNH:1
FNDA:8,(anonymous_0)
DA:5,9
DA:6,8
DA:7,8
DA:9,8
DA:31,9
DA:58,9
LF:6
LH:6
BRDA:10,0,0,0
BRDA:10,0,1,8
BRDA:15,1,0,0
BRDA:15,1,1,8
BRDA:18,2,0,0
BRDA:18,2,1,8
BRDA:21,3,0,0
BRDA:21,3,1,8
BRF:8
BRH:4
end_of_record
TN:
SF:src\components\Tracker\VoucherBlock.js
FN:5,(anonymous_0)
FNF:1
FNH:1
FNDA:4,(anonymous_0)
DA:5,9
DA:6,4
DA:7,4
DA:9,4
DA:11,4
DA:18,4
DA:51,9
DA:106,9
LF:8
LH:8
BRDA:11,0,0,0
BRDA:11,0,1,4
BRDA:12,1,0,0
BRDA:12,1,1,4
BRDA:13,2,0,0
BRDA:13,2,1,4
BRDA:14,3,0,0
BRDA:14,3,1,4
BRDA:15,4,0,0
BRDA:15,4,1,4
BRDA:19,5,0,0
BRDA:19,5,1,4
BRDA:22,6,0,0
BRDA:22,6,1,4
BRF:14
BRH:7
end_of_record
TN:
SF:src\firebase\index.js
FNF:0
FNH:0
DA:10,8
DA:23,8
DA:25,8
DA:26,8
LF:4
LH:4
BRF:0
BRH:0
end_of_record
TN:
SF:src\navigation\MainNavigation.js
FN:43,(anonymous_0)
FN:50,(anonymous_1)
FN:61,(anonymous_2)
FN:65,(anonymous_3)
FN:82,(anonymous_4)
FN:103,(anonymous_5)
FN:112,(anonymous_6)
FN:113,(anonymous_7)
FN:119,(anonymous_8)
FN:121,(anonymous_9)
FN:151,(anonymous_10)
FN:157,(anonymous_11)
FN:163,(anonymous_12)
FN:171,(anonymous_13)
FN:173,(anonymous_14)
FN:174,(anonymous_15)
FN:201,(anonymous_16)
FN:208,(anonymous_17)
FN:218,CustomDrawerContent
FN:227,(anonymous_19)
FN:232,(anonymous_20)
FN:234,(anonymous_21)
FNF:22
FNH:0
FNDA:0,(anonymous_0)
FNDA:0,(anonymous_1)
FNDA:0,(anonymous_2)
FNDA:0,(anonymous_3)
FNDA:0,(anonymous_4)
FNDA:0,(anonymous_5)
FNDA:0,(anonymous_6)
FNDA:0,(anonymous_7)
FNDA:0,(anonymous_8)
FNDA:0,(anonymous_9)
FNDA:0,(anonymous_10)
FNDA:0,(anonymous_11)
FNDA:0,(anonymous_12)
FNDA:0,(anonymous_13)
FNDA:0,(anonymous_14)
FNDA:0,(anonymous_15)
FNDA:0,(anonymous_16)
FNDA:0,(anonymous_17)
FNDA:0,CustomDrawerContent
FNDA:0,(anonymous_19)
FNDA:0,(anonymous_20)
FNDA:0,(anonymous_21)
DA:33,0
DA:34,0
DA:36,0
DA:37,0
DA:38,0
DA:39,0
DA:40,0
DA:41,0
DA:43,0
DA:47,0
DA:48,0
DA:50,0
DA:51,0
DA:61,0
DA:63,0
DA:66,0
DA:67,0
DA:68,0
DA:69,0
DA:71,0
DA:74,0
DA:79,0
DA:82,0
DA:83,0
DA:103,0
DA:104,0
DA:112,0
DA:113,0
DA:114,0
DA:115,0
DA:119,0
DA:120,0
DA:121,0
DA:122,0
DA:123,0
DA:125,0
DA:131,0
DA:151,0
DA:152,0
DA:157,0
DA:158,0
DA:163,0
DA:164,0
DA:171,0
DA:172,0
DA:173,0
DA:176,0
DA:178,0
DA:179,0
DA:183,0
DA:184,0
DA:189,0
DA:202,0
DA:209,0
DA:219,0
DA:227,0
DA:232,0
DA:233,0
DA:234,0
DA:242,0
DA:254,0
LF:61
LH:0
BRDA:66,0,0,0
BRDA:66,0,1,0
BRDA:67,1,0,0
BRDA:67,1,1,0
BRDA:122,2,0,0
BRDA:122,2,1,0
BRDA:178,3,0,0
BRDA:178,3,1,0
BRDA:183,4,0,0
BRDA:183,4,1,0
BRDA:245,5,0,0
BRDA:245,5,1,0
BRDA:247,6,0,0
BRDA:247,6,1,0
BRF:14
BRH:0
end_of_record
TN:
SF:src\navigation\RootNavigation.js
FN:5,navigate
FNF:1
FNH:0
FNDA:0,navigate
DA:3,0
DA:6,0
DA:7,0
LF:3
LH:0
BRDA:6,0,0,0
BRDA:6,0,1,0
BRF:2
BRH:0
end_of_record
TN:
SF:src\screens\AddItem.js
FN:19,(anonymous_0)
FN:28,(anonymous_1)
FN:57,(anonymous_2)
FN:67,(anonymous_3)
FNF:4
FNH:3
FNDA:4,(anonymous_0)
FNDA:1,(anonymous_1)
FNDA:1,(anonymous_2)
FNDA:0,(anonymous_3)
DA:19,1
DA:21,4
DA:22,4
DA:23,4
DA:25,4
DA:28,4
DA:30,1
DA:31,1
DA:32,1
DA:36,0
DA:37,0
DA:47,0
DA:48,0
DA:49,0
DA:51,0
DA:52,0
DA:57,4
DA:58,1
DA:67,4
DA:68,0
DA:69,0
DA:70,0
DA:71,0
DA:74,4
DA:146,1
DA:161,1
LF:26
LH:15
BRDA:30,0,0,1
BRDA:30,0,1,0
BRDA:30,1,0,1
BRDA:30,1,1,0
BRDA:76,2,0,0
BRDA:76,2,1,4
BRDA:79,3,0,4
BRDA:79,3,1,0
BRDA:90,4,0,0
BRDA:90,4,1,4
BRDA:97,5,0,0
BRDA:97,5,1,4
BRDA:109,6,0,0
BRDA:109,6,1,4
BRDA:116,7,0,0
BRDA:116,7,1,4
BRDA:128,8,0,0
BRDA:128,8,1,4
BRDA:135,9,0,0
BRDA:135,9,1,4
BRF:20
BRH:10
end_of_record
TN:
SF:src\screens\Coupon.js
FN:10,(anonymous_0)
FN:18,(anonymous_1)
FN:24,(anonymous_2)
FN:37,(anonymous_3)
FN:42,(anonymous_4)
FN:55,(anonymous_5)
FNF:6
FNH:3
FNDA:3,(anonymous_0)
FNDA:3,(anonymous_1)
FNDA:0,(anonymous_2)
FNDA:0,(anonymous_3)
FNDA:0,(anonymous_4)
FNDA:3,(anonymous_5)
DA:10,1
DA:11,3
DA:12,3
DA:13,3
DA:14,3
DA:15,3
DA:18,3
DA:20,3
DA:24,3
DA:25,0
DA:26,0
DA:27,0
DA:28,0
DA:30,3
DA:33,3
DA:37,0
DA:42,0
DA:56,3
DA:68,1
LF:19
LH:13
BRDA:35,0,0,0
BRDA:35,0,1,3
BRDA:48,1,0,0
BRDA:48,1,1,3
BRDA:54,2,0,3
BRDA:54,2,1,0
BRF:6
BRH:3
end_of_record
TN:
SF:src\screens\EditItem.js
FN:20,(anonymous_0)
FN:28,(anonymous_1)
FN:58,(anonymous_2)
FN:68,(anonymous_3)
FNF:4
FNH:1
FNDA:3,(anonymous_0)
FNDA:0,(anonymous_1)
FNDA:0,(anonymous_2)
FNDA:0,(anonymous_3)
DA:20,1
DA:21,3
DA:22,3
DA:23,3
DA:24,3
DA:25,3
DA:28,3
DA:29,0
DA:30,0
DA:31,0
DA:33,0
DA:34,0
DA:35,0
DA:42,0
DA:47,0
DA:48,0
DA:49,0
DA:51,0
DA:52,0
DA:58,3
DA:59,0
DA:68,3
DA:69,0
DA:70,0
DA:71,0
DA:74,3
DA:123,1
DA:151,1
LF:28
LH:12
BRDA:29,0,0,0
BRDA:29,0,1,0
BRDA:33,1,0,0
BRDA:33,1,1,0
BRDA:33,2,0,0
BRDA:33,2,1,0
BRDA:43,3,0,0
BRDA:43,3,1,0
BRDA:45,4,0,0
BRDA:45,4,1,0
BRDA:76,5,0,0
BRDA:76,5,1,3
BRDA:79,6,0,3
BRDA:79,6,1,0
BRDA:90,7,0,0
BRDA:90,7,1,3
BRDA:107,8,0,0
BRDA:107,8,1,3
BRF:18
BRH:4
end_of_record
TN:
SF:src\screens\Forget.js
FN:23,(anonymous_0)
FN:27,(anonymous_1)
FN:37,(anonymous_2)
FN:45,(anonymous_3)
FN:48,(anonymous_4)
FN:56,(anonymous_5)
FN:113,(anonymous_6)
FNF:7
FNH:4
FNDA:4,(anonymous_0)
FNDA:1,(anonymous_1)
FNDA:1,(anonymous_2)
FNDA:0,(anonymous_3)
FNDA:0,(anonymous_4)
FNDA:0,(anonymous_5)
FNDA:1,(anonymous_6)
DA:23,1
DA:24,4
DA:25,4
DA:27,4
DA:28,1
DA:37,4
DA:39,1
DA:40,1
DA:41,1
DA:44,0
DA:46,0
DA:49,0
DA:50,0
DA:52,0
DA:56,4
DA:57,0
DA:58,0
DA:61,4
DA:114,1
DA:127,1
DA:177,1
LF:21
LH:14
BRDA:39,0,0,1
BRDA:39,0,1,0
BRDA:63,1,0,0
BRDA:63,1,1,4
BRDA:65,2,0,0
BRDA:65,2,1,4
BRDA:68,3,0,4
BRDA:68,3,1,0
BRDA:71,4,0,0
BRDA:71,4,1,4
BRDA:79,5,0,0
BRDA:79,5,1,4
BRDA:109,6,0,0
BRDA:109,6,1,4
BRF:14
BRH:7
end_of_record
TN:
SF:src\screens\ItemDetails.js
FN:21,(anonymous_0)
FN:28,(anonymous_1)
FN:30,(anonymous_2)
FN:31,(anonymous_3)
FN:43,(anonymous_4)
FN:87,(anonymous_5)
FNF:6
FNH:2
FNDA:3,(anonymous_0)
FNDA:3,(anonymous_1)
FNDA:0,(anonymous_2)
FNDA:0,(anonymous_3)
FNDA:0,(anonymous_4)
FNDA:0,(anonymous_5)
DA:21,1
DA:22,3
DA:23,3
DA:24,3
DA:25,3
DA:28,3
DA:29,3
DA:31,0
DA:43,3
DA:44,0
DA:45,0
DA:49,0
DA:50,0
DA:56,0
DA:58,0
DA:59,0
DA:68,3
DA:76,3
DA:88,0
DA:109,1
LF:20
LH:11
BRDA:78,0,0,0
BRDA:78,0,1,3
BRF:2
BRH:1
end_of_record
TN:
SF:src\screens\Login.js
FN:23,(anonymous_0)
FN:31,(anonymous_1)
FN:40,(anonymous_2)
FN:50,(anonymous_3)
FN:57,(anonymous_4)
FN:66,(anonymous_5)
FN:69,(anonymous_6)
FN:131,(anonymous_7)
FN:151,(anonymous_8)
FNF:9
FNH:5
FNDA:5,(anonymous_0)
FNDA:1,(anonymous_1)
FNDA:0,(anonymous_2)
FNDA:0,(anonymous_3)
FNDA:1,(anonymous_4)
FNDA:0,(anonymous_5)
FNDA:0,(anonymous_6)
FNDA:1,(anonymous_7)
FNDA:1,(anonymous_8)
DA:23,1
DA:25,5
DA:26,5
DA:27,5
DA:31,5
DA:32,1
DA:40,5
DA:41,0
DA:50,5
DA:51,0
DA:52,0
DA:53,0
DA:57,5
DA:59,1
DA:60,1
DA:61,1
DA:65,0
DA:67,0
DA:70,0
DA:71,0
DA:72,0
DA:73,0
DA:77,5
DA:131,1
DA:152,1
DA:165,1
DA:204,1
LF:27
LH:17
BRDA:59,0,0,1
BRDA:59,0,1,0
BRDA:59,1,0,1
BRDA:59,1,1,0
BRDA:79,2,0,0
BRDA:79,2,1,5
BRDA:81,3,0,0
BRDA:81,3,1,5
BRDA:85,4,0,5
BRDA:85,4,1,0
BRDA:88,5,0,0
BRDA:88,5,1,5
BRDA:96,6,0,0
BRDA:96,6,1,5
BRDA:147,7,0,0
BRDA:147,7,1,5
BRF:16
BRH:8
end_of_record
TN:
SF:src\screens\Register.js
FN:23,(anonymous_0)
FN:30,(anonymous_1)
FN:40,(anonymous_2)
FN:53,(anonymous_3)
FN:58,(anonymous_4)
FN:67,(anonymous_5)
FN:158,(anonymous_6)
FNF:7
FNH:4
FNDA:4,(anonymous_0)
FNDA:1,(anonymous_1)
FNDA:1,(anonymous_2)
FNDA:0,(anonymous_3)
FNDA:0,(anonymous_4)
FNDA:0,(anonymous_5)
FNDA:1,(anonymous_6)
DA:23,1
DA:24,4
DA:25,4
DA:26,4
DA:27,4
DA:30,4
DA:31,1
DA:40,4
DA:41,1
DA:42,1
DA:43,1
DA:46,0
DA:47,0
DA:48,0
DA:52,0
DA:54,0
DA:55,0
DA:59,0
DA:60,0
DA:62,0
DA:67,4
DA:68,0
DA:69,0
DA:70,0
DA:73,4
DA:159,1
DA:172,1
DA:211,1
LF:28
LH:16
BRDA:41,0,0,1
BRDA:41,0,1,0
BRDA:41,1,0,1
BRDA:41,1,1,0
BRDA:46,2,0,0
BRDA:46,2,1,0
BRDA:75,3,0,0
BRDA:75,3,1,4
BRDA:77,4,0,0
BRDA:77,4,1,4
BRDA:80,5,0,4
BRDA:80,5,1,0
BRDA:83,6,0,0
BRDA:83,6,1,4
BRDA:91,7,0,0
BRDA:91,7,1,4
BRDA:154,8,0,0
BRDA:154,8,1,4
BRF:18
BRH:8
end_of_record
TN:
SF:src\screens\Track.js
FN:10,(anonymous_0)
FN:18,(anonymous_1)
FN:23,(anonymous_2)
FN:26,(anonymous_3)
FN:48,(anonymous_4)
FN:53,(anonymous_5)
FNF:6
FNH:4
FNDA:4,(anonymous_0)
FNDA:4,(anonymous_1)
FNDA:0,(anonymous_2)
FNDA:0,(anonymous_3)
FNDA:4,(anonymous_4)
FNDA:4,(anonymous_5)
DA:10,1
DA:11,4
DA:12,4
DA:13,4
DA:14,4
DA:18,4
DA:20,4
DA:23,4
DA:24,0
DA:26,0
DA:27,0
DA:30,0
DA:32,4
DA:36,4
DA:49,4
DA:54,4
DA:66,1
LF:17
LH:13
BRDA:38,0,0,0
BRDA:38,0,1,4
BRF:2
BRH:1
end_of_record
TN:
SF:src\screens\index.js
FNF:0
FNH:0
LF:0
LH:0
BRF:0
BRH:0
end_of_record
